2025-02-19 10:26:55 DEBUG TestNG:82 - suiteXmlPath: "C:\Users\ravon\Desktop\CloudBerry Tools\NinjaV6\testng.xml"
2025-02-19 10:26:58 INFO  BaseClass:46 - Starting Test Execution - OS: windows, Browser: edge
2025-02-19 10:26:58 INFO  BaseClass:46 - Starting Test Execution - OS: windows, Browser: chrome
2025-02-19 10:26:58 INFO  BaseClass:46 - Starting Test Execution - OS: windows, Browser: firefox
2025-02-19 10:26:58 DEBUG BaseClass:53 - Successfully loaded config.properties file.
2025-02-19 10:26:58 DEBUG BaseClass:53 - Successfully loaded config.properties file.
2025-02-19 10:26:58 DEBUG BaseClass:53 - Successfully loaded config.properties file.
2025-02-19 10:27:11 DEBUG BaseClass:116 - WebDriver instance set successfully.
2025-02-19 10:27:17 DEBUG BaseClass:116 - WebDriver instance set successfully.
2025-02-19 10:27:17 INFO  BaseClass:124 - Successfully launched application URL: https://tutorialsninja.com/demo/
2025-02-19 10:27:17 INFO  TC01_LaunchApplication:18 - Starting test: testLaunchApplication
2025-02-19 10:27:17 DEBUG TC01_LaunchApplication:26 - Navigating to HomePage
2025-02-19 10:27:18 DEBUG TC01_LaunchApplication:29 - Verifying homepage confirmation message.
2025-02-19 10:27:18 INFO  TC01_LaunchApplication:31 - Received homepage confirmation message: Qafox.com
2025-02-19 10:27:18 INFO  TC01_LaunchApplication:35 - Homepage confirmation message matched expected value.
2025-02-19 10:27:18 INFO  TC01_LaunchApplication:46 - Test execution completed: testLaunchApplication
2025-02-19 10:27:19 INFO  BaseClass:136 - Closing browser...
2025-02-19 10:27:23 INFO  BaseClass:124 - Successfully launched application URL: https://tutorialsninja.com/demo/
2025-02-19 10:27:23 INFO  TC01_LaunchApplication:18 - Starting test: testLaunchApplication
2025-02-19 10:27:23 DEBUG TC01_LaunchApplication:26 - Navigating to HomePage
2025-02-19 10:27:23 DEBUG TC01_LaunchApplication:29 - Verifying homepage confirmation message.
2025-02-19 10:27:23 INFO  TC01_LaunchApplication:31 - Received homepage confirmation message: Qafox.com
2025-02-19 10:27:23 INFO  TC01_LaunchApplication:35 - Homepage confirmation message matched expected value.
2025-02-19 10:27:23 INFO  TC01_LaunchApplication:46 - Test execution completed: testLaunchApplication
2025-02-19 10:27:23 INFO  BaseClass:136 - Closing browser...
2025-02-19 10:27:25 DEBUG BaseClass:116 - WebDriver instance set successfully.
2025-02-19 10:27:26 INFO  BaseClass:139 - Browser closed and WebDriver instance removed.
2025-02-19 10:27:26 INFO  BaseClass:46 - Starting Test Execution - OS: windows, Browser: chrome
2025-02-19 10:27:26 DEBUG BaseClass:53 - Successfully loaded config.properties file.
2025-02-19 10:27:29 INFO  BaseClass:124 - Successfully launched application URL: https://tutorialsninja.com/demo/
2025-02-19 10:27:29 INFO  TC01_LaunchApplication:18 - Starting test: testLaunchApplication
2025-02-19 10:27:29 DEBUG TC01_LaunchApplication:26 - Navigating to HomePage
2025-02-19 10:27:29 DEBUG TC01_LaunchApplication:29 - Verifying homepage confirmation message.
2025-02-19 10:27:29 INFO  TC01_LaunchApplication:31 - Received homepage confirmation message: Qafox.com
2025-02-19 10:27:29 INFO  TC01_LaunchApplication:35 - Homepage confirmation message matched expected value.
2025-02-19 10:27:29 INFO  TC01_LaunchApplication:46 - Test execution completed: testLaunchApplication
2025-02-19 10:27:29 INFO  BaseClass:136 - Closing browser...
2025-02-19 10:27:31 DEBUG BaseClass:116 - WebDriver instance set successfully.
2025-02-19 10:27:31 INFO  BaseClass:139 - Browser closed and WebDriver instance removed.
2025-02-19 10:27:31 INFO  BaseClass:46 - Starting Test Execution - OS: windows, Browser: edge
2025-02-19 10:27:31 DEBUG BaseClass:53 - Successfully loaded config.properties file.
2025-02-19 10:27:34 INFO  BaseClass:124 - Successfully launched application URL: https://tutorialsninja.com/demo/
2025-02-19 10:27:34 INFO  TC06_GifftCertificcate:18 - Starting test: testPurchaseAGiftCertificate
2025-02-19 10:27:34 DEBUG TC06_GifftCertificcate:26 - Navigating to HomePage and clicking Gift Certificate link.
2025-02-19 10:27:35 DEBUG TC06_GifftCertificcate:30 - Filling out gift certificate details.
2025-02-19 10:27:37 DEBUG BaseClass:116 - WebDriver instance set successfully.
2025-02-19 10:27:39 DEBUG TC06_GifftCertificcate:38 - Verifying purchase confirmation message.
2025-02-19 10:27:39 INFO  TC06_GifftCertificcate:40 - Purchase success message status: true
2025-02-19 10:27:39 INFO  TC06_GifftCertificcate:44 - Gift certificate successfully purchased.
2025-02-19 10:27:39 INFO  TC06_GifftCertificcate:55 - Test execution completed: testPurchaseAGiftCertificate
2025-02-19 10:27:39 INFO  BaseClass:136 - Closing browser...
2025-02-19 10:27:41 INFO  BaseClass:124 - Successfully launched application URL: https://tutorialsninja.com/demo/
2025-02-19 10:27:41 INFO  TC06_GifftCertificcate:18 - Starting test: testPurchaseAGiftCertificate
2025-02-19 10:27:41 DEBUG TC06_GifftCertificcate:26 - Navigating to HomePage and clicking Gift Certificate link.
2025-02-19 10:27:42 DEBUG TC06_GifftCertificcate:30 - Filling out gift certificate details.
2025-02-19 10:27:43 INFO  BaseClass:139 - Browser closed and WebDriver instance removed.
2025-02-19 10:27:43 INFO  BaseClass:46 - Starting Test Execution - OS: windows, Browser: firefox
2025-02-19 10:27:43 DEBUG BaseClass:53 - Successfully loaded config.properties file.
2025-02-19 10:27:43 INFO  BaseClass:139 - Browser closed and WebDriver instance removed.
2025-02-19 10:27:43 INFO  BaseClass:46 - Starting Test Execution - OS: windows, Browser: chrome
2025-02-19 10:27:43 DEBUG BaseClass:53 - Successfully loaded config.properties file.
2025-02-19 10:27:44 DEBUG TC06_GifftCertificcate:38 - Verifying purchase confirmation message.
2025-02-19 10:27:44 INFO  TC06_GifftCertificcate:40 - Purchase success message status: true
2025-02-19 10:27:44 INFO  TC06_GifftCertificcate:44 - Gift certificate successfully purchased.
2025-02-19 10:27:44 INFO  TC06_GifftCertificcate:55 - Test execution completed: testPurchaseAGiftCertificate
2025-02-19 10:27:44 INFO  BaseClass:136 - Closing browser...
2025-02-19 10:27:48 DEBUG BaseClass:116 - WebDriver instance set successfully.
2025-02-19 10:27:49 INFO  BaseClass:124 - Successfully launched application URL: https://tutorialsninja.com/demo/
2025-02-19 10:27:49 INFO  TC03_AddToCart:19 - Starting test: testAddToCart
2025-02-19 10:27:49 DEBUG TC03_AddToCart:27 - Navigating to HomePage and selecting Laptops & Notebooks category.
2025-02-19 10:27:50 INFO  BaseClass:139 - Browser closed and WebDriver instance removed.
2025-02-19 10:27:50 INFO  BaseClass:46 - Starting Test Execution - OS: windows, Browser: edge
2025-02-19 10:27:50 DEBUG BaseClass:53 - Successfully loaded config.properties file.
2025-02-19 10:27:53 DEBUG TC03_AddToCart:31 - Selecting a product from the category.
2025-02-19 10:27:54 DEBUG BaseClass:116 - WebDriver instance set successfully.
2025-02-19 10:27:57 DEBUG BaseClass:116 - WebDriver instance set successfully.
2025-02-19 10:28:00 INFO  BaseClass:124 - Successfully launched application URL: https://tutorialsninja.com/demo/
2025-02-19 10:28:00 INFO  TC03_AddToCart:19 - Starting test: testAddToCart
2025-02-19 10:28:00 DEBUG TC03_AddToCart:27 - Navigating to HomePage and selecting Laptops & Notebooks category.
2025-02-19 10:28:00 INFO  BaseClass:124 - Successfully launched application URL: https://tutorialsninja.com/demo/
2025-02-19 10:28:00 INFO  TC06_GifftCertificcate:18 - Starting test: testPurchaseAGiftCertificate
2025-02-19 10:28:00 DEBUG TC06_GifftCertificcate:26 - Navigating to HomePage and clicking Gift Certificate link.
2025-02-19 10:28:01 DEBUG TC03_AddToCart:35 - Setting up delivery date and adding product to cart.
2025-02-19 10:28:02 DEBUG TC06_GifftCertificcate:30 - Filling out gift certificate details.
2025-02-19 10:28:03 DEBUG TC03_AddToCart:40 - Validating success message.
2025-02-19 10:28:04 DEBUG TC06_GifftCertificcate:38 - Verifying purchase confirmation message.
2025-02-19 10:28:05 INFO  TC06_GifftCertificcate:40 - Purchase success message status: true
2025-02-19 10:28:05 INFO  TC06_GifftCertificcate:44 - Gift certificate successfully purchased.
2025-02-19 10:28:05 INFO  TC06_GifftCertificcate:55 - Test execution completed: testPurchaseAGiftCertificate
2025-02-19 10:28:05 INFO  BaseClass:136 - Closing browser...
2025-02-19 10:28:05 INFO  TC03_AddToCart:42 - Success message status: true
2025-02-19 10:28:05 INFO  TC03_AddToCart:46 - Product successfully added to cart.
2025-02-19 10:28:05 INFO  TC03_AddToCart:57 - Test execution completed: testAddToCart
2025-02-19 10:28:05 INFO  BaseClass:136 - Closing browser...
2025-02-19 10:28:07 DEBUG TC03_AddToCart:31 - Selecting a product from the category.
2025-02-19 10:28:07 INFO  BaseClass:139 - Browser closed and WebDriver instance removed.
2025-02-19 10:28:07 INFO  BaseClass:46 - Starting Test Execution - OS: windows, Browser: chrome
2025-02-19 10:28:07 DEBUG BaseClass:53 - Successfully loaded config.properties file.
2025-02-19 10:28:08 INFO  BaseClass:139 - Browser closed and WebDriver instance removed.
2025-02-19 10:28:08 INFO  BaseClass:46 - Starting Test Execution - OS: windows, Browser: firefox
2025-02-19 10:28:08 DEBUG BaseClass:53 - Successfully loaded config.properties file.
2025-02-19 10:28:08 DEBUG TC03_AddToCart:35 - Setting up delivery date and adding product to cart.
2025-02-19 10:28:09 DEBUG TC03_AddToCart:40 - Validating success message.
2025-02-19 10:28:09 INFO  TC03_AddToCart:42 - Success message status: true
2025-02-19 10:28:09 INFO  TC03_AddToCart:46 - Product successfully added to cart.
2025-02-19 10:28:09 INFO  TC03_AddToCart:57 - Test execution completed: testAddToCart
2025-02-19 10:28:09 INFO  BaseClass:136 - Closing browser...
2025-02-19 10:28:12 DEBUG BaseClass:116 - WebDriver instance set successfully.
2025-02-19 10:28:15 INFO  BaseClass:124 - Successfully launched application URL: https://tutorialsninja.com/demo/
2025-02-19 10:28:16 DEBUG PackageRelationshipCollection:307 - Parsing relationship: /xl/_rels/workbook.xml.rels
2025-02-19 10:28:16 DEBUG PackageRelationshipCollection:307 - Parsing relationship: /xl/worksheets/_rels/sheet1.xml.rels
2025-02-19 10:28:16 DEBUG PackageRelationshipCollection:307 - Parsing relationship: /_rels/.rels
2025-02-19 10:28:17 DEBUG POIXMLFactory:65 - using default POIXMLDocumentPart for http://schemas.openxmlformats.org/officeDocument/2006/relationships/printerSettings
2025-02-19 10:28:18 DEBUG PackageRelationshipCollection:307 - Parsing relationship: /xl/_rels/workbook.xml.rels
2025-02-19 10:28:18 DEBUG PackageRelationshipCollection:307 - Parsing relationship: /xl/worksheets/_rels/sheet1.xml.rels
2025-02-19 10:28:18 DEBUG PackageRelationshipCollection:307 - Parsing relationship: /_rels/.rels
2025-02-19 10:28:18 DEBUG POIXMLFactory:65 - using default POIXMLDocumentPart for http://schemas.openxmlformats.org/officeDocument/2006/relationships/printerSettings
2025-02-19 10:28:18 INFO  BaseClass:139 - Browser closed and WebDriver instance removed.
2025-02-19 10:28:18 INFO  BaseClass:46 - Starting Test Execution - OS: windows, Browser: edge
2025-02-19 10:28:18 DEBUG BaseClass:53 - Successfully loaded config.properties file.
2025-02-19 10:28:18 DEBUG PackageRelationshipCollection:307 - Parsing relationship: /xl/_rels/workbook.xml.rels
2025-02-19 10:28:18 DEBUG PackageRelationshipCollection:307 - Parsing relationship: /xl/worksheets/_rels/sheet1.xml.rels
2025-02-19 10:28:18 DEBUG PackageRelationshipCollection:307 - Parsing relationship: /_rels/.rels
2025-02-19 10:28:18 DEBUG POIXMLFactory:65 - using default POIXMLDocumentPart for http://schemas.openxmlformats.org/officeDocument/2006/relationships/printerSettings
2025-02-19 10:28:18 DEBUG PackageRelationshipCollection:307 - Parsing relationship: /xl/_rels/workbook.xml.rels
2025-02-19 10:28:18 DEBUG PackageRelationshipCollection:307 - Parsing relationship: /xl/worksheets/_rels/sheet1.xml.rels
2025-02-19 10:28:18 DEBUG PackageRelationshipCollection:307 - Parsing relationship: /_rels/.rels
2025-02-19 10:28:18 DEBUG POIXMLFactory:65 - using default POIXMLDocumentPart for http://schemas.openxmlformats.org/officeDocument/2006/relationships/printerSettings
2025-02-19 10:28:18 DEBUG PackageRelationshipCollection:307 - Parsing relationship: /xl/_rels/workbook.xml.rels
2025-02-19 10:28:18 DEBUG PackageRelationshipCollection:307 - Parsing relationship: /xl/worksheets/_rels/sheet1.xml.rels
2025-02-19 10:28:18 DEBUG PackageRelationshipCollection:307 - Parsing relationship: /_rels/.rels
2025-02-19 10:28:18 DEBUG POIXMLFactory:65 - using default POIXMLDocumentPart for http://schemas.openxmlformats.org/officeDocument/2006/relationships/printerSettings
2025-02-19 10:28:18 DEBUG PackageRelationshipCollection:307 - Parsing relationship: /xl/_rels/workbook.xml.rels
2025-02-19 10:28:18 DEBUG PackageRelationshipCollection:307 - Parsing relationship: /xl/worksheets/_rels/sheet1.xml.rels
2025-02-19 10:28:18 DEBUG PackageRelationshipCollection:307 - Parsing relationship: /_rels/.rels
2025-02-19 10:28:18 DEBUG POIXMLFactory:65 - using default POIXMLDocumentPart for http://schemas.openxmlformats.org/officeDocument/2006/relationships/printerSettings
2025-02-19 10:28:18 DEBUG PackageRelationshipCollection:307 - Parsing relationship: /xl/_rels/workbook.xml.rels
2025-02-19 10:28:18 DEBUG PackageRelationshipCollection:307 - Parsing relationship: /xl/worksheets/_rels/sheet1.xml.rels
2025-02-19 10:28:18 DEBUG PackageRelationshipCollection:307 - Parsing relationship: /_rels/.rels
2025-02-19 10:28:18 DEBUG POIXMLFactory:65 - using default POIXMLDocumentPart for http://schemas.openxmlformats.org/officeDocument/2006/relationships/printerSettings
2025-02-19 10:28:18 DEBUG PackageRelationshipCollection:307 - Parsing relationship: /xl/_rels/workbook.xml.rels
2025-02-19 10:28:18 DEBUG PackageRelationshipCollection:307 - Parsing relationship: /xl/worksheets/_rels/sheet1.xml.rels
2025-02-19 10:28:18 DEBUG PackageRelationshipCollection:307 - Parsing relationship: /_rels/.rels
2025-02-19 10:28:18 DEBUG POIXMLFactory:65 - using default POIXMLDocumentPart for http://schemas.openxmlformats.org/officeDocument/2006/relationships/printerSettings
2025-02-19 10:28:18 DEBUG PackageRelationshipCollection:307 - Parsing relationship: /xl/_rels/workbook.xml.rels
2025-02-19 10:28:18 DEBUG PackageRelationshipCollection:307 - Parsing relationship: /xl/worksheets/_rels/sheet1.xml.rels
2025-02-19 10:28:18 DEBUG PackageRelationshipCollection:307 - Parsing relationship: /_rels/.rels
2025-02-19 10:28:18 DEBUG POIXMLFactory:65 - using default POIXMLDocumentPart for http://schemas.openxmlformats.org/officeDocument/2006/relationships/printerSettings
2025-02-19 10:28:18 DEBUG PackageRelationshipCollection:307 - Parsing relationship: /xl/_rels/workbook.xml.rels
2025-02-19 10:28:18 DEBUG PackageRelationshipCollection:307 - Parsing relationship: /xl/worksheets/_rels/sheet1.xml.rels
2025-02-19 10:28:18 DEBUG PackageRelationshipCollection:307 - Parsing relationship: /_rels/.rels
2025-02-19 10:28:18 DEBUG POIXMLFactory:65 - using default POIXMLDocumentPart for http://schemas.openxmlformats.org/officeDocument/2006/relationships/printerSettings
2025-02-19 10:28:18 DEBUG PackageRelationshipCollection:307 - Parsing relationship: /xl/_rels/workbook.xml.rels
2025-02-19 10:28:18 DEBUG PackageRelationshipCollection:307 - Parsing relationship: /xl/worksheets/_rels/sheet1.xml.rels
2025-02-19 10:28:18 DEBUG PackageRelationshipCollection:307 - Parsing relationship: /_rels/.rels
2025-02-19 10:28:18 DEBUG POIXMLFactory:65 - using default POIXMLDocumentPart for http://schemas.openxmlformats.org/officeDocument/2006/relationships/printerSettings
2025-02-19 10:28:18 DEBUG PackageRelationshipCollection:307 - Parsing relationship: /xl/_rels/workbook.xml.rels
2025-02-19 10:28:18 DEBUG PackageRelationshipCollection:307 - Parsing relationship: /xl/worksheets/_rels/sheet1.xml.rels
2025-02-19 10:28:18 DEBUG PackageRelationshipCollection:307 - Parsing relationship: /_rels/.rels
2025-02-19 10:28:18 DEBUG POIXMLFactory:65 - using default POIXMLDocumentPart for http://schemas.openxmlformats.org/officeDocument/2006/relationships/printerSettings
2025-02-19 10:28:18 INFO  TC02_Login:24 - Starting test: testLogin with Email: goodmorning@gmail.com and Password: test@1234
2025-02-19 10:28:18 DEBUG TC02_Login:32 - Navigating to HomePage
2025-02-19 10:28:19 DEBUG BaseClass:116 - WebDriver instance set successfully.
2025-02-19 10:28:21 DEBUG TC02_Login:37 - Entering login credentials.
2025-02-19 10:28:23 INFO  BaseClass:124 - Successfully launched application URL: https://tutorialsninja.com/demo/
2025-02-19 10:28:23 INFO  TC03_AddToCart:19 - Starting test: testAddToCart
2025-02-19 10:28:23 DEBUG TC03_AddToCart:27 - Navigating to HomePage and selecting Laptops & Notebooks category.
2025-02-19 10:28:24 DEBUG BaseClass:116 - WebDriver instance set successfully.
2025-02-19 10:28:25 DEBUG TC03_AddToCart:31 - Selecting a product from the category.
2025-02-19 10:28:27 DEBUG TC03_AddToCart:35 - Setting up delivery date and adding product to cart.
2025-02-19 10:28:27 INFO  BaseClass:124 - Successfully launched application URL: https://tutorialsninja.com/demo/
2025-02-19 10:28:27 DEBUG PackageRelationshipCollection:307 - Parsing relationship: /xl/_rels/workbook.xml.rels
2025-02-19 10:28:27 DEBUG PackageRelationshipCollection:307 - Parsing relationship: /xl/worksheets/_rels/sheet1.xml.rels
2025-02-19 10:28:27 DEBUG PackageRelationshipCollection:307 - Parsing relationship: /_rels/.rels
2025-02-19 10:28:27 DEBUG POIXMLFactory:65 - using default POIXMLDocumentPart for http://schemas.openxmlformats.org/officeDocument/2006/relationships/printerSettings
2025-02-19 10:28:27 DEBUG TC03_AddToCart:40 - Validating success message.
2025-02-19 10:28:27 DEBUG PackageRelationshipCollection:307 - Parsing relationship: /xl/_rels/workbook.xml.rels
2025-02-19 10:28:27 DEBUG PackageRelationshipCollection:307 - Parsing relationship: /xl/worksheets/_rels/sheet1.xml.rels
2025-02-19 10:28:27 DEBUG PackageRelationshipCollection:307 - Parsing relationship: /_rels/.rels
2025-02-19 10:28:27 DEBUG POIXMLFactory:65 - using default POIXMLDocumentPart for http://schemas.openxmlformats.org/officeDocument/2006/relationships/printerSettings
2025-02-19 10:28:27 DEBUG PackageRelationshipCollection:307 - Parsing relationship: /xl/_rels/workbook.xml.rels
2025-02-19 10:28:27 DEBUG PackageRelationshipCollection:307 - Parsing relationship: /xl/worksheets/_rels/sheet1.xml.rels
2025-02-19 10:28:27 DEBUG PackageRelationshipCollection:307 - Parsing relationship: /_rels/.rels
2025-02-19 10:28:27 DEBUG POIXMLFactory:65 - using default POIXMLDocumentPart for http://schemas.openxmlformats.org/officeDocument/2006/relationships/printerSettings
2025-02-19 10:28:27 DEBUG PackageRelationshipCollection:307 - Parsing relationship: /xl/_rels/workbook.xml.rels
2025-02-19 10:28:27 DEBUG PackageRelationshipCollection:307 - Parsing relationship: /xl/worksheets/_rels/sheet1.xml.rels
2025-02-19 10:28:27 DEBUG PackageRelationshipCollection:307 - Parsing relationship: /_rels/.rels
2025-02-19 10:28:27 DEBUG POIXMLFactory:65 - using default POIXMLDocumentPart for http://schemas.openxmlformats.org/officeDocument/2006/relationships/printerSettings
2025-02-19 10:28:27 DEBUG PackageRelationshipCollection:307 - Parsing relationship: /xl/_rels/workbook.xml.rels
2025-02-19 10:28:27 DEBUG PackageRelationshipCollection:307 - Parsing relationship: /xl/worksheets/_rels/sheet1.xml.rels
2025-02-19 10:28:27 DEBUG PackageRelationshipCollection:307 - Parsing relationship: /_rels/.rels
2025-02-19 10:28:27 INFO  TC03_AddToCart:42 - Success message status: true
2025-02-19 10:28:27 INFO  TC03_AddToCart:46 - Product successfully added to cart.
2025-02-19 10:28:27 INFO  TC03_AddToCart:57 - Test execution completed: testAddToCart
2025-02-19 10:28:27 INFO  BaseClass:136 - Closing browser...
2025-02-19 10:28:27 DEBUG POIXMLFactory:65 - using default POIXMLDocumentPart for http://schemas.openxmlformats.org/officeDocument/2006/relationships/printerSettings
2025-02-19 10:28:28 DEBUG PackageRelationshipCollection:307 - Parsing relationship: /xl/_rels/workbook.xml.rels
2025-02-19 10:28:28 DEBUG PackageRelationshipCollection:307 - Parsing relationship: /xl/worksheets/_rels/sheet1.xml.rels
2025-02-19 10:28:28 DEBUG PackageRelationshipCollection:307 - Parsing relationship: /_rels/.rels
2025-02-19 10:28:28 DEBUG POIXMLFactory:65 - using default POIXMLDocumentPart for http://schemas.openxmlformats.org/officeDocument/2006/relationships/printerSettings
2025-02-19 10:28:28 DEBUG PackageRelationshipCollection:307 - Parsing relationship: /xl/_rels/workbook.xml.rels
2025-02-19 10:28:28 DEBUG PackageRelationshipCollection:307 - Parsing relationship: /xl/worksheets/_rels/sheet1.xml.rels
2025-02-19 10:28:28 DEBUG PackageRelationshipCollection:307 - Parsing relationship: /_rels/.rels
2025-02-19 10:28:28 DEBUG POIXMLFactory:65 - using default POIXMLDocumentPart for http://schemas.openxmlformats.org/officeDocument/2006/relationships/printerSettings
2025-02-19 10:28:28 DEBUG PackageRelationshipCollection:307 - Parsing relationship: /xl/_rels/workbook.xml.rels
2025-02-19 10:28:28 DEBUG PackageRelationshipCollection:307 - Parsing relationship: /xl/worksheets/_rels/sheet1.xml.rels
2025-02-19 10:28:28 DEBUG PackageRelationshipCollection:307 - Parsing relationship: /_rels/.rels
2025-02-19 10:28:28 DEBUG POIXMLFactory:65 - using default POIXMLDocumentPart for http://schemas.openxmlformats.org/officeDocument/2006/relationships/printerSettings
2025-02-19 10:28:28 DEBUG PackageRelationshipCollection:307 - Parsing relationship: /xl/_rels/workbook.xml.rels
2025-02-19 10:28:28 DEBUG PackageRelationshipCollection:307 - Parsing relationship: /xl/worksheets/_rels/sheet1.xml.rels
2025-02-19 10:28:28 DEBUG PackageRelationshipCollection:307 - Parsing relationship: /_rels/.rels
2025-02-19 10:28:28 DEBUG POIXMLFactory:65 - using default POIXMLDocumentPart for http://schemas.openxmlformats.org/officeDocument/2006/relationships/printerSettings
2025-02-19 10:28:28 DEBUG PackageRelationshipCollection:307 - Parsing relationship: /xl/_rels/workbook.xml.rels
2025-02-19 10:28:28 DEBUG PackageRelationshipCollection:307 - Parsing relationship: /xl/worksheets/_rels/sheet1.xml.rels
2025-02-19 10:28:28 DEBUG PackageRelationshipCollection:307 - Parsing relationship: /_rels/.rels
2025-02-19 10:28:28 DEBUG TC02_Login:43 - Verifying login success.
2025-02-19 10:28:28 DEBUG POIXMLFactory:65 - using default POIXMLDocumentPart for http://schemas.openxmlformats.org/officeDocument/2006/relationships/printerSettings
2025-02-19 10:28:28 DEBUG PackageRelationshipCollection:307 - Parsing relationship: /xl/_rels/workbook.xml.rels
2025-02-19 10:28:28 DEBUG PackageRelationshipCollection:307 - Parsing relationship: /xl/worksheets/_rels/sheet1.xml.rels
2025-02-19 10:28:28 DEBUG PackageRelationshipCollection:307 - Parsing relationship: /_rels/.rels
2025-02-19 10:28:28 DEBUG POIXMLFactory:65 - using default POIXMLDocumentPart for http://schemas.openxmlformats.org/officeDocument/2006/relationships/printerSettings
2025-02-19 10:28:29 DEBUG PackageRelationshipCollection:307 - Parsing relationship: /xl/_rels/workbook.xml.rels
2025-02-19 10:28:29 DEBUG PackageRelationshipCollection:307 - Parsing relationship: /xl/worksheets/_rels/sheet1.xml.rels
2025-02-19 10:28:29 DEBUG PackageRelationshipCollection:307 - Parsing relationship: /_rels/.rels
2025-02-19 10:28:29 DEBUG POIXMLFactory:65 - using default POIXMLDocumentPart for http://schemas.openxmlformats.org/officeDocument/2006/relationships/printerSettings
2025-02-19 10:28:29 INFO  TC02_Login:24 - Starting test: testLogin with Email: goodmorning@gmail.com and Password: test@1234
2025-02-19 10:28:29 DEBUG TC02_Login:32 - Navigating to HomePage
2025-02-19 10:28:29 INFO  TC02_Login:46 - Login success status: true
2025-02-19 10:28:29 INFO  TC02_Login:50 - Login verification passed.
2025-02-19 10:28:30 DEBUG TC02_Login:37 - Entering login credentials.
2025-02-19 10:28:31 INFO  TC02_Login:55 - User logged out successfully.
2025-02-19 10:28:31 INFO  TC02_Login:67 - Test execution completed: testLogin
2025-02-19 10:28:31 INFO  TC02_Login:24 - Starting test: testLogin with Email: test121@test.com and Password: test123
2025-02-19 10:28:31 DEBUG TC02_Login:32 - Navigating to HomePage
2025-02-19 10:28:32 DEBUG TC02_Login:37 - Entering login credentials.
2025-02-19 10:28:32 DEBUG TC02_Login:43 - Verifying login success.
2025-02-19 10:28:32 INFO  TC02_Login:46 - Login success status: true
2025-02-19 10:28:32 INFO  TC02_Login:50 - Login verification passed.
2025-02-19 10:28:32 INFO  BaseClass:139 - Browser closed and WebDriver instance removed.
2025-02-19 10:28:32 INFO  BaseClass:46 - Starting Test Execution - OS: windows, Browser: firefox
2025-02-19 10:28:32 DEBUG BaseClass:53 - Successfully loaded config.properties file.
2025-02-19 10:28:33 INFO  TC02_Login:55 - User logged out successfully.
2025-02-19 10:28:33 INFO  TC02_Login:67 - Test execution completed: testLogin
2025-02-19 10:28:33 INFO  TC02_Login:24 - Starting test: testLogin with Email: test121@test.com and Password: test123
2025-02-19 10:28:33 DEBUG TC02_Login:32 - Navigating to HomePage
2025-02-19 10:28:34 DEBUG TC02_Login:43 - Verifying login success.
2025-02-19 10:28:34 INFO  TC02_Login:46 - Login success status: true
2025-02-19 10:28:34 INFO  TC02_Login:50 - Login verification passed.
2025-02-19 10:28:34 DEBUG TC02_Login:37 - Entering login credentials.
2025-02-19 10:28:35 INFO  TC02_Login:55 - User logged out successfully.
2025-02-19 10:28:35 INFO  TC02_Login:67 - Test execution completed: testLogin
2025-02-19 10:28:35 INFO  TC02_Login:24 - Starting test: testLogin with Email: sid@cloudberry.services and Password: Test123
2025-02-19 10:28:35 DEBUG TC02_Login:32 - Navigating to HomePage
2025-02-19 10:28:36 DEBUG TC02_Login:37 - Entering login credentials.
2025-02-19 10:28:36 DEBUG TC02_Login:43 - Verifying login success.
2025-02-19 10:28:37 INFO  TC02_Login:46 - Login success status: true
2025-02-19 10:28:37 INFO  TC02_Login:50 - Login verification passed.
2025-02-19 10:28:38 DEBUG TC02_Login:43 - Verifying login success.
2025-02-19 10:28:38 INFO  TC02_Login:46 - Login success status: true
2025-02-19 10:28:38 INFO  TC02_Login:50 - Login verification passed.
2025-02-19 10:28:38 INFO  TC02_Login:55 - User logged out successfully.
2025-02-19 10:28:38 INFO  TC02_Login:67 - Test execution completed: testLogin
2025-02-19 10:28:38 INFO  TC02_Login:24 - Starting test: testLogin with Email: sid@cloudberry.services and Password: Test123
2025-02-19 10:28:38 DEBUG TC02_Login:32 - Navigating to HomePage
2025-02-19 10:28:39 DEBUG TC02_Login:37 - Entering login credentials.
2025-02-19 10:28:39 INFO  TC02_Login:55 - User logged out successfully.
2025-02-19 10:28:39 INFO  TC02_Login:67 - Test execution completed: testLogin
2025-02-19 10:28:39 INFO  TC02_Login:24 - Starting test: testLogin with Email: otisdog22@yahoo.com and Password: 1234QWERT
2025-02-19 10:28:39 DEBUG TC02_Login:32 - Navigating to HomePage
2025-02-19 10:28:40 DEBUG TC02_Login:37 - Entering login credentials.
2025-02-19 10:28:41 DEBUG TC02_Login:43 - Verifying login success.
2025-02-19 10:28:41 INFO  TC02_Login:46 - Login success status: true
2025-02-19 10:28:41 INFO  TC02_Login:50 - Login verification passed.
2025-02-19 10:28:42 DEBUG BaseClass:116 - WebDriver instance set successfully.
2025-02-19 10:28:42 DEBUG TC02_Login:43 - Verifying login success.
2025-02-19 10:28:43 INFO  TC02_Login:46 - Login success status: true
2025-02-19 10:28:43 INFO  TC02_Login:50 - Login verification passed.
2025-02-19 10:28:43 INFO  TC02_Login:55 - User logged out successfully.
2025-02-19 10:28:43 INFO  TC02_Login:67 - Test execution completed: testLogin
2025-02-19 10:28:43 INFO  TC02_Login:24 - Starting test: testLogin with Email: otisdog22@yahoo.com and Password: 1234QWERT
2025-02-19 10:28:43 DEBUG TC02_Login:32 - Navigating to HomePage
2025-02-19 10:28:44 INFO  TC02_Login:55 - User logged out successfully.
2025-02-19 10:28:44 INFO  TC02_Login:67 - Test execution completed: testLogin
2025-02-19 10:28:44 INFO  TC02_Login:24 - Starting test: testLogin with Email: shalaka.dongre@gmail.com and Password: Test123!
2025-02-19 10:28:44 DEBUG TC02_Login:32 - Navigating to HomePage
2025-02-19 10:28:45 INFO  BaseClass:124 - Successfully launched application URL: https://tutorialsninja.com/demo/
2025-02-19 10:28:45 DEBUG PackageRelationshipCollection:307 - Parsing relationship: /xl/_rels/workbook.xml.rels
2025-02-19 10:28:45 DEBUG PackageRelationshipCollection:307 - Parsing relationship: /xl/worksheets/_rels/sheet1.xml.rels
2025-02-19 10:28:45 DEBUG PackageRelationshipCollection:307 - Parsing relationship: /_rels/.rels
2025-02-19 10:28:45 DEBUG POIXMLFactory:65 - using default POIXMLDocumentPart for http://schemas.openxmlformats.org/officeDocument/2006/relationships/printerSettings
2025-02-19 10:28:45 DEBUG PackageRelationshipCollection:307 - Parsing relationship: /xl/_rels/workbook.xml.rels
2025-02-19 10:28:45 DEBUG PackageRelationshipCollection:307 - Parsing relationship: /xl/worksheets/_rels/sheet1.xml.rels
2025-02-19 10:28:45 DEBUG PackageRelationshipCollection:307 - Parsing relationship: /_rels/.rels
2025-02-19 10:28:45 DEBUG POIXMLFactory:65 - using default POIXMLDocumentPart for http://schemas.openxmlformats.org/officeDocument/2006/relationships/printerSettings
2025-02-19 10:28:45 DEBUG PackageRelationshipCollection:307 - Parsing relationship: /xl/_rels/workbook.xml.rels
2025-02-19 10:28:45 DEBUG PackageRelationshipCollection:307 - Parsing relationship: /xl/worksheets/_rels/sheet1.xml.rels
2025-02-19 10:28:45 DEBUG PackageRelationshipCollection:307 - Parsing relationship: /_rels/.rels
2025-02-19 10:28:45 DEBUG TC02_Login:37 - Entering login credentials.
2025-02-19 10:28:45 DEBUG POIXMLFactory:65 - using default POIXMLDocumentPart for http://schemas.openxmlformats.org/officeDocument/2006/relationships/printerSettings
2025-02-19 10:28:45 DEBUG PackageRelationshipCollection:307 - Parsing relationship: /xl/_rels/workbook.xml.rels
2025-02-19 10:28:45 DEBUG PackageRelationshipCollection:307 - Parsing relationship: /xl/worksheets/_rels/sheet1.xml.rels
2025-02-19 10:28:45 DEBUG PackageRelationshipCollection:307 - Parsing relationship: /_rels/.rels
2025-02-19 10:28:45 DEBUG POIXMLFactory:65 - using default POIXMLDocumentPart for http://schemas.openxmlformats.org/officeDocument/2006/relationships/printerSettings
2025-02-19 10:28:45 DEBUG PackageRelationshipCollection:307 - Parsing relationship: /xl/_rels/workbook.xml.rels
2025-02-19 10:28:45 DEBUG PackageRelationshipCollection:307 - Parsing relationship: /xl/worksheets/_rels/sheet1.xml.rels
2025-02-19 10:28:45 DEBUG PackageRelationshipCollection:307 - Parsing relationship: /_rels/.rels
2025-02-19 10:28:45 DEBUG POIXMLFactory:65 - using default POIXMLDocumentPart for http://schemas.openxmlformats.org/officeDocument/2006/relationships/printerSettings
2025-02-19 10:28:45 DEBUG PackageRelationshipCollection:307 - Parsing relationship: /xl/_rels/workbook.xml.rels
2025-02-19 10:28:45 DEBUG PackageRelationshipCollection:307 - Parsing relationship: /xl/worksheets/_rels/sheet1.xml.rels
2025-02-19 10:28:45 DEBUG PackageRelationshipCollection:307 - Parsing relationship: /_rels/.rels
2025-02-19 10:28:45 DEBUG POIXMLFactory:65 - using default POIXMLDocumentPart for http://schemas.openxmlformats.org/officeDocument/2006/relationships/printerSettings
2025-02-19 10:28:45 DEBUG PackageRelationshipCollection:307 - Parsing relationship: /xl/_rels/workbook.xml.rels
2025-02-19 10:28:45 DEBUG PackageRelationshipCollection:307 - Parsing relationship: /xl/worksheets/_rels/sheet1.xml.rels
2025-02-19 10:28:45 DEBUG PackageRelationshipCollection:307 - Parsing relationship: /_rels/.rels
2025-02-19 10:28:45 DEBUG POIXMLFactory:65 - using default POIXMLDocumentPart for http://schemas.openxmlformats.org/officeDocument/2006/relationships/printerSettings
2025-02-19 10:28:45 DEBUG PackageRelationshipCollection:307 - Parsing relationship: /xl/_rels/workbook.xml.rels
2025-02-19 10:28:45 DEBUG PackageRelationshipCollection:307 - Parsing relationship: /xl/worksheets/_rels/sheet1.xml.rels
2025-02-19 10:28:45 DEBUG PackageRelationshipCollection:307 - Parsing relationship: /_rels/.rels
2025-02-19 10:28:45 DEBUG POIXMLFactory:65 - using default POIXMLDocumentPart for http://schemas.openxmlformats.org/officeDocument/2006/relationships/printerSettings
2025-02-19 10:28:45 DEBUG PackageRelationshipCollection:307 - Parsing relationship: /xl/_rels/workbook.xml.rels
2025-02-19 10:28:45 DEBUG PackageRelationshipCollection:307 - Parsing relationship: /xl/worksheets/_rels/sheet1.xml.rels
2025-02-19 10:28:45 DEBUG PackageRelationshipCollection:307 - Parsing relationship: /_rels/.rels
2025-02-19 10:28:45 DEBUG POIXMLFactory:65 - using default POIXMLDocumentPart for http://schemas.openxmlformats.org/officeDocument/2006/relationships/printerSettings
2025-02-19 10:28:45 DEBUG PackageRelationshipCollection:307 - Parsing relationship: /xl/_rels/workbook.xml.rels
2025-02-19 10:28:45 DEBUG PackageRelationshipCollection:307 - Parsing relationship: /xl/worksheets/_rels/sheet1.xml.rels
2025-02-19 10:28:45 DEBUG PackageRelationshipCollection:307 - Parsing relationship: /_rels/.rels
2025-02-19 10:28:45 DEBUG POIXMLFactory:65 - using default POIXMLDocumentPart for http://schemas.openxmlformats.org/officeDocument/2006/relationships/printerSettings
2025-02-19 10:28:45 DEBUG PackageRelationshipCollection:307 - Parsing relationship: /xl/_rels/workbook.xml.rels
2025-02-19 10:28:45 DEBUG PackageRelationshipCollection:307 - Parsing relationship: /xl/worksheets/_rels/sheet1.xml.rels
2025-02-19 10:28:45 DEBUG PackageRelationshipCollection:307 - Parsing relationship: /_rels/.rels
2025-02-19 10:28:45 DEBUG POIXMLFactory:65 - using default POIXMLDocumentPart for http://schemas.openxmlformats.org/officeDocument/2006/relationships/printerSettings
2025-02-19 10:28:45 DEBUG PackageRelationshipCollection:307 - Parsing relationship: /xl/_rels/workbook.xml.rels
2025-02-19 10:28:45 DEBUG PackageRelationshipCollection:307 - Parsing relationship: /xl/worksheets/_rels/sheet1.xml.rels
2025-02-19 10:28:45 DEBUG PackageRelationshipCollection:307 - Parsing relationship: /_rels/.rels
2025-02-19 10:28:45 DEBUG POIXMLFactory:65 - using default POIXMLDocumentPart for http://schemas.openxmlformats.org/officeDocument/2006/relationships/printerSettings
2025-02-19 10:28:45 INFO  TC02_Login:24 - Starting test: testLogin with Email: goodmorning@gmail.com and Password: test@1234
2025-02-19 10:28:45 DEBUG TC02_Login:32 - Navigating to HomePage
2025-02-19 10:28:47 DEBUG TC02_Login:37 - Entering login credentials.
2025-02-19 10:28:47 DEBUG TC02_Login:37 - Entering login credentials.
2025-02-19 10:28:48 DEBUG TC02_Login:43 - Verifying login success.
2025-02-19 10:28:48 INFO  TC02_Login:46 - Login success status: true
2025-02-19 10:28:48 INFO  TC02_Login:50 - Login verification passed.
2025-02-19 10:28:48 DEBUG TC02_Login:43 - Verifying login success.
2025-02-19 10:28:48 INFO  TC02_Login:46 - Login success status: true
2025-02-19 10:28:48 INFO  TC02_Login:50 - Login verification passed.
2025-02-19 10:28:49 DEBUG TC02_Login:43 - Verifying login success.
2025-02-19 10:28:49 INFO  TC02_Login:46 - Login success status: true
2025-02-19 10:28:49 INFO  TC02_Login:50 - Login verification passed.
2025-02-19 10:28:49 INFO  TC02_Login:55 - User logged out successfully.
2025-02-19 10:28:49 INFO  TC02_Login:67 - Test execution completed: testLogin
2025-02-19 10:28:49 INFO  TC02_Login:24 - Starting test: testLogin with Email: shalaka.dongre@gmail.com and Password: Test123!
2025-02-19 10:28:49 DEBUG TC02_Login:32 - Navigating to HomePage
2025-02-19 10:28:49 INFO  TC02_Login:55 - User logged out successfully.
2025-02-19 10:28:49 INFO  TC02_Login:67 - Test execution completed: testLogin
2025-02-19 10:28:49 INFO  TC02_Login:24 - Starting test: testLogin with Email: test121@test.com and Password: test123
2025-02-19 10:28:49 DEBUG TC02_Login:32 - Navigating to HomePage
2025-02-19 10:28:50 DEBUG TC02_Login:37 - Entering login credentials.
2025-02-19 10:28:50 DEBUG TC02_Login:37 - Entering login credentials.
2025-02-19 10:28:51 INFO  TC02_Login:55 - User logged out successfully.
2025-02-19 10:28:51 INFO  TC02_Login:67 - Test execution completed: testLogin
2025-02-19 10:28:51 INFO  BaseClass:136 - Closing browser...
2025-02-19 10:28:52 INFO  BaseClass:139 - Browser closed and WebDriver instance removed.
2025-02-19 10:28:52 INFO  BaseClass:46 - Starting Test Execution - OS: windows, Browser: chrome
2025-02-19 10:28:52 DEBUG BaseClass:53 - Successfully loaded config.properties file.
2025-02-19 10:28:52 DEBUG TC02_Login:43 - Verifying login success.
2025-02-19 10:28:52 INFO  TC02_Login:46 - Login success status: true
2025-02-19 10:28:52 INFO  TC02_Login:50 - Login verification passed.
2025-02-19 10:28:52 DEBUG TC02_Login:43 - Verifying login success.
2025-02-19 10:28:52 INFO  TC02_Login:46 - Login success status: true
2025-02-19 10:28:52 INFO  TC02_Login:50 - Login verification passed.
2025-02-19 10:28:53 INFO  TC02_Login:55 - User logged out successfully.
2025-02-19 10:28:53 INFO  TC02_Login:67 - Test execution completed: testLogin
2025-02-19 10:28:53 INFO  TC02_Login:24 - Starting test: testLogin with Email: sid@cloudberry.services and Password: Test123
2025-02-19 10:28:53 DEBUG TC02_Login:32 - Navigating to HomePage
2025-02-19 10:28:54 DEBUG TC02_Login:37 - Entering login credentials.
2025-02-19 10:28:54 INFO  TC02_Login:55 - User logged out successfully.
2025-02-19 10:28:54 INFO  TC02_Login:67 - Test execution completed: testLogin
2025-02-19 10:28:54 INFO  BaseClass:136 - Closing browser...
2025-02-19 10:28:56 DEBUG TC02_Login:43 - Verifying login success.
2025-02-19 10:28:56 INFO  TC02_Login:46 - Login success status: true
2025-02-19 10:28:56 INFO  TC02_Login:50 - Login verification passed.
2025-02-19 10:28:57 DEBUG BaseClass:116 - WebDriver instance set successfully.
2025-02-19 10:28:57 INFO  TC02_Login:55 - User logged out successfully.
2025-02-19 10:28:57 INFO  TC02_Login:67 - Test execution completed: testLogin
2025-02-19 10:28:57 INFO  TC02_Login:24 - Starting test: testLogin with Email: otisdog22@yahoo.com and Password: 1234QWERT
2025-02-19 10:28:57 DEBUG TC02_Login:32 - Navigating to HomePage
2025-02-19 10:28:58 INFO  BaseClass:124 - Successfully launched application URL: https://tutorialsninja.com/demo/
2025-02-19 10:28:58 INFO  TC05_AddToWish:19 - Starting test: testAddToWishList
2025-02-19 10:28:58 DEBUG TC05_AddToWish:27 - Navigating to HomePage and selecting Laptops & Notebooks category.
2025-02-19 10:28:58 DEBUG TC02_Login:37 - Entering login credentials.
2025-02-19 10:28:59 DEBUG TC02_Login:43 - Verifying login success.
2025-02-19 10:28:59 INFO  TC02_Login:46 - Login success status: true
2025-02-19 10:28:59 INFO  TC02_Login:50 - Login verification passed.
2025-02-19 10:29:00 INFO  TC02_Login:55 - User logged out successfully.
2025-02-19 10:29:00 INFO  TC02_Login:67 - Test execution completed: testLogin
2025-02-19 10:29:00 INFO  TC02_Login:24 - Starting test: testLogin with Email: shalaka.dongre@gmail.com and Password: Test123!
2025-02-19 10:29:00 DEBUG TC02_Login:32 - Navigating to HomePage
2025-02-19 10:29:01 DEBUG TC05_AddToWish:31 - Selecting a product from the category.
2025-02-19 10:29:01 DEBUG TC02_Login:37 - Entering login credentials.
2025-02-19 10:29:02 DEBUG TC05_AddToWish:35 - Adding product to the wishlist.
2025-02-19 10:29:02 DEBUG TC02_Login:43 - Verifying login success.
2025-02-19 10:29:02 INFO  TC02_Login:46 - Login success status: true
2025-02-19 10:29:02 INFO  TC02_Login:50 - Login verification passed.
2025-02-19 10:29:03 DEBUG TC05_AddToWish:39 - Verifying success message for adding to wishlist.
2025-02-19 10:29:03 INFO  BaseClass:139 - Browser closed and WebDriver instance removed.
2025-02-19 10:29:03 INFO  BaseClass:46 - Starting Test Execution - OS: windows, Browser: edge
2025-02-19 10:29:03 DEBUG BaseClass:53 - Successfully loaded config.properties file.
2025-02-19 10:29:03 INFO  TC05_AddToWish:41 - Wishlist success message status: true
2025-02-19 10:29:03 INFO  TC05_AddToWish:45 - Product successfully added to wishlist.
2025-02-19 10:29:03 INFO  TC05_AddToWish:56 - Test execution completed: testAddToWishList
2025-02-19 10:29:03 INFO  BaseClass:136 - Closing browser...
2025-02-19 10:29:03 INFO  TC02_Login:55 - User logged out successfully.
2025-02-19 10:29:03 INFO  TC02_Login:67 - Test execution completed: testLogin
2025-02-19 10:29:03 INFO  BaseClass:136 - Closing browser...
2025-02-19 10:29:07 DEBUG BaseClass:116 - WebDriver instance set successfully.
2025-02-19 10:29:08 INFO  BaseClass:139 - Browser closed and WebDriver instance removed.
2025-02-19 10:29:08 INFO  BaseClass:46 - Starting Test Execution - OS: windows, Browser: chrome
2025-02-19 10:29:08 DEBUG BaseClass:53 - Successfully loaded config.properties file.
2025-02-19 10:29:10 INFO  BaseClass:124 - Successfully launched application URL: https://tutorialsninja.com/demo/
2025-02-19 10:29:10 INFO  TC05_AddToWish:19 - Starting test: testAddToWishList
2025-02-19 10:29:10 DEBUG TC05_AddToWish:27 - Navigating to HomePage and selecting Laptops & Notebooks category.
2025-02-19 10:29:12 DEBUG TC05_AddToWish:31 - Selecting a product from the category.
2025-02-19 10:29:12 DEBUG BaseClass:116 - WebDriver instance set successfully.
2025-02-19 10:29:13 INFO  BaseClass:139 - Browser closed and WebDriver instance removed.
2025-02-19 10:29:13 INFO  BaseClass:46 - Starting Test Execution - OS: windows, Browser: firefox
2025-02-19 10:29:13 DEBUG BaseClass:53 - Successfully loaded config.properties file.
2025-02-19 10:29:14 DEBUG TC05_AddToWish:35 - Adding product to the wishlist.
2025-02-19 10:29:14 INFO  BaseClass:124 - Successfully launched application URL: https://tutorialsninja.com/demo/
2025-02-19 10:29:14 INFO  TC04_CompletePurchase:23 - Starting test: testCompletePurchase
2025-02-19 10:29:14 DEBUG TC04_CompletePurchase:31 - Navigating to HomePage and selecting Laptops & Notebooks category.
2025-02-19 10:29:14 DEBUG TC05_AddToWish:39 - Verifying success message for adding to wishlist.
2025-02-19 10:29:15 INFO  TC05_AddToWish:41 - Wishlist success message status: true
2025-02-19 10:29:15 INFO  TC05_AddToWish:45 - Product successfully added to wishlist.
2025-02-19 10:29:15 INFO  TC05_AddToWish:56 - Test execution completed: testAddToWishList
2025-02-19 10:29:15 INFO  BaseClass:136 - Closing browser...
2025-02-19 10:29:15 DEBUG TC04_CompletePurchase:35 - Selecting a product from the category.
2025-02-19 10:29:17 DEBUG TC04_CompletePurchase:39 - Setting up delivery date and adding product to cart.
2025-02-19 10:29:18 INFO  BaseClass:139 - Browser closed and WebDriver instance removed.
2025-02-19 10:29:18 INFO  BaseClass:46 - Starting Test Execution - OS: windows, Browser: edge
2025-02-19 10:29:18 DEBUG BaseClass:53 - Successfully loaded config.properties file.
2025-02-19 10:29:18 DEBUG TC04_CompletePurchase:44 - Proceeding to checkout.
2025-02-19 10:29:19 DEBUG TC04_CompletePurchase:47 - Logging in to complete purchase.
2025-02-19 10:29:21 DEBUG BaseClass:116 - WebDriver instance set successfully.
2025-02-19 10:29:23 DEBUG BaseClass:116 - WebDriver instance set successfully.
2025-02-19 10:29:25 INFO  BaseClass:124 - Successfully launched application URL: https://tutorialsninja.com/demo/
2025-02-19 10:29:25 INFO  TC04_CompletePurchase:23 - Starting test: testCompletePurchase
2025-02-19 10:29:25 DEBUG TC04_CompletePurchase:31 - Navigating to HomePage and selecting Laptops & Notebooks category.
2025-02-19 10:29:26 INFO  BaseClass:124 - Successfully launched application URL: https://tutorialsninja.com/demo/
2025-02-19 10:29:26 INFO  TC05_AddToWish:19 - Starting test: testAddToWishList
2025-02-19 10:29:26 DEBUG TC05_AddToWish:27 - Navigating to HomePage and selecting Laptops & Notebooks category.
2025-02-19 10:29:28 DEBUG TC04_CompletePurchase:53 - Completing checkout process.
2025-02-19 10:29:29 DEBUG TC05_AddToWish:31 - Selecting a product from the category.
2025-02-19 10:29:30 DEBUG TC04_CompletePurchase:35 - Selecting a product from the category.
2025-02-19 10:29:30 DEBUG TC05_AddToWish:35 - Adding product to the wishlist.
2025-02-19 10:29:31 DEBUG TC05_AddToWish:39 - Verifying success message for adding to wishlist.
2025-02-19 10:29:31 INFO  TC05_AddToWish:41 - Wishlist success message status: true
2025-02-19 10:29:31 INFO  TC05_AddToWish:45 - Product successfully added to wishlist.
2025-02-19 10:29:31 INFO  TC05_AddToWish:56 - Test execution completed: testAddToWishList
2025-02-19 10:29:31 INFO  BaseClass:136 - Closing browser...
2025-02-19 10:29:31 DEBUG TC04_CompletePurchase:39 - Setting up delivery date and adding product to cart.
2025-02-19 10:29:33 DEBUG TC04_CompletePurchase:44 - Proceeding to checkout.
2025-02-19 10:29:34 DEBUG TC04_CompletePurchase:47 - Logging in to complete purchase.
2025-02-19 10:29:35 DEBUG TC04_CompletePurchase:53 - Completing checkout process.
2025-02-19 10:29:35 INFO  BaseClass:139 - Browser closed and WebDriver instance removed.
2025-02-19 10:29:35 INFO  BaseClass:46 - Starting Test Execution - OS: windows, Browser: firefox
2025-02-19 10:29:35 DEBUG BaseClass:53 - Successfully loaded config.properties file.
2025-02-19 10:29:43 DEBUG BaseClass:116 - WebDriver instance set successfully.
2025-02-19 10:29:52 INFO  BaseClass:124 - Successfully launched application URL: https://tutorialsninja.com/demo/
2025-02-19 10:29:52 INFO  TC04_CompletePurchase:23 - Starting test: testCompletePurchase
2025-02-19 10:29:52 DEBUG TC04_CompletePurchase:31 - Navigating to HomePage and selecting Laptops & Notebooks category.
2025-02-19 10:29:54 DEBUG TC04_CompletePurchase:35 - Selecting a product from the category.
2025-02-19 10:29:56 DEBUG TC04_CompletePurchase:39 - Setting up delivery date and adding product to cart.
2025-02-19 10:29:57 DEBUG TC04_CompletePurchase:44 - Proceeding to checkout.
2025-02-19 10:29:59 DEBUG TC04_CompletePurchase:47 - Logging in to complete purchase.
2025-02-19 10:29:59 DEBUG TC04_CompletePurchase:53 - Completing checkout process.
2025-02-19 10:30:36 DEBUG TC04_CompletePurchase:57 - Verifying order confirmation.
2025-02-19 10:30:38 INFO  TC04_CompletePurchase:60 - Order confirmation status: true
2025-02-19 10:30:38 INFO  TC04_CompletePurchase:64 - Order successfully confirmed.
2025-02-19 10:30:38 INFO  TC04_CompletePurchase:75 - Test execution completed: testCompletePurchase
2025-02-19 10:30:38 INFO  BaseClass:136 - Closing browser...
2025-02-19 10:30:38 INFO  BaseClass:139 - Browser closed and WebDriver instance removed.
2025-02-19 10:30:42 DEBUG TC04_CompletePurchase:57 - Verifying order confirmation.
2025-02-19 10:30:44 INFO  TC04_CompletePurchase:60 - Order confirmation status: true
2025-02-19 10:30:44 INFO  TC04_CompletePurchase:64 - Order successfully confirmed.
2025-02-19 10:30:44 INFO  TC04_CompletePurchase:75 - Test execution completed: testCompletePurchase
2025-02-19 10:30:44 INFO  BaseClass:136 - Closing browser...
2025-02-19 10:30:45 INFO  BaseClass:139 - Browser closed and WebDriver instance removed.
2025-02-19 10:31:07 DEBUG TC04_CompletePurchase:57 - Verifying order confirmation.
2025-02-19 10:31:08 INFO  TC04_CompletePurchase:60 - Order confirmation status: true
2025-02-19 10:31:08 INFO  TC04_CompletePurchase:64 - Order successfully confirmed.
2025-02-19 10:31:08 INFO  TC04_CompletePurchase:75 - Test execution completed: testCompletePurchase
2025-02-19 10:31:08 INFO  BaseClass:136 - Closing browser...
2025-02-19 10:31:10 INFO  BaseClass:139 - Browser closed and WebDriver instance removed.
2025-02-19 10:35:56 DEBUG TestNG:82 - suiteXmlPath: "C:\Users\ravon\Desktop\CloudBerry Tools\NinjaV6\testng.xml"
2025-02-19 10:35:58 INFO  BaseClass:46 - Starting Test Execution - OS: windows, Browser: chrome
2025-02-19 10:35:58 INFO  BaseClass:46 - Starting Test Execution - OS: windows, Browser: edge
2025-02-19 10:35:58 DEBUG BaseClass:53 - Successfully loaded config.properties file.
2025-02-19 10:35:58 DEBUG BaseClass:53 - Successfully loaded config.properties file.
2025-02-19 10:35:58 INFO  BaseClass:46 - Starting Test Execution - OS: windows, Browser: firefox
2025-02-19 10:35:58 DEBUG BaseClass:53 - Successfully loaded config.properties file.
2025-02-19 10:36:05 DEBUG BaseClass:116 - WebDriver instance set successfully.
2025-02-19 10:36:12 DEBUG BaseClass:116 - WebDriver instance set successfully.
2025-02-19 10:36:18 INFO  BaseClass:124 - Successfully launched application URL: https://tutorialsninja.com/demo/
2025-02-19 10:36:18 INFO  TC01_LaunchApplication:18 - Starting test: testLaunchApplication
2025-02-19 10:36:18 DEBUG TC01_LaunchApplication:26 - Navigating to HomePage
2025-02-19 10:36:18 DEBUG TC01_LaunchApplication:29 - Verifying homepage confirmation message.
2025-02-19 10:36:21 INFO  TC01_LaunchApplication:31 - Received homepage confirmation message: Qafox.com
2025-02-19 10:36:21 INFO  TC01_LaunchApplication:35 - Homepage confirmation message matched expected value.
2025-02-19 10:36:21 INFO  TC01_LaunchApplication:46 - Test execution completed: testLaunchApplication
2025-02-19 10:36:22 INFO  BaseClass:136 - Closing browser...
2025-02-19 10:36:22 INFO  BaseClass:124 - Successfully launched application URL: https://tutorialsninja.com/demo/
2025-02-19 10:36:22 INFO  TC01_LaunchApplication:18 - Starting test: testLaunchApplication
2025-02-19 10:36:22 DEBUG TC01_LaunchApplication:26 - Navigating to HomePage
2025-02-19 10:36:22 DEBUG TC01_LaunchApplication:29 - Verifying homepage confirmation message.
2025-02-19 10:36:24 INFO  TC01_LaunchApplication:31 - Received homepage confirmation message: Qafox.com
2025-02-19 10:36:24 INFO  TC01_LaunchApplication:35 - Homepage confirmation message matched expected value.
2025-02-19 10:36:24 INFO  TC01_LaunchApplication:46 - Test execution completed: testLaunchApplication
2025-02-19 10:36:24 INFO  BaseClass:136 - Closing browser...
2025-02-19 10:36:24 DEBUG BaseClass:116 - WebDriver instance set successfully.
2025-02-19 10:36:28 INFO  BaseClass:124 - Successfully launched application URL: https://tutorialsninja.com/demo/
2025-02-19 10:36:28 INFO  TC01_LaunchApplication:18 - Starting test: testLaunchApplication
2025-02-19 10:36:28 DEBUG TC01_LaunchApplication:26 - Navigating to HomePage
2025-02-19 10:36:28 DEBUG TC01_LaunchApplication:29 - Verifying homepage confirmation message.
2025-02-19 10:36:29 INFO  TC01_LaunchApplication:31 - Received homepage confirmation message: Qafox.com
2025-02-19 10:36:29 INFO  TC01_LaunchApplication:35 - Homepage confirmation message matched expected value.
2025-02-19 10:36:29 INFO  TC01_LaunchApplication:46 - Test execution completed: testLaunchApplication
2025-02-19 10:36:29 INFO  BaseClass:136 - Closing browser...
2025-02-19 10:36:32 INFO  BaseClass:139 - Browser closed and WebDriver instance removed.
2025-02-19 10:36:32 INFO  BaseClass:46 - Starting Test Execution - OS: windows, Browser: chrome
2025-02-19 10:36:32 DEBUG BaseClass:53 - Successfully loaded config.properties file.
2025-02-19 10:36:32 INFO  BaseClass:139 - Browser closed and WebDriver instance removed.
2025-02-19 10:36:32 INFO  BaseClass:46 - Starting Test Execution - OS: windows, Browser: firefox
2025-02-19 10:36:32 DEBUG BaseClass:53 - Successfully loaded config.properties file.
2025-02-19 10:36:33 INFO  BaseClass:139 - Browser closed and WebDriver instance removed.
2025-02-19 10:36:33 INFO  BaseClass:46 - Starting Test Execution - OS: windows, Browser: edge
2025-02-19 10:36:33 DEBUG BaseClass:53 - Successfully loaded config.properties file.
2025-02-19 10:36:38 DEBUG BaseClass:116 - WebDriver instance set successfully.
2025-02-19 10:36:45 DEBUG BaseClass:116 - WebDriver instance set successfully.
2025-02-19 10:36:48 INFO  BaseClass:124 - Successfully launched application URL: https://tutorialsninja.com/demo/
2025-02-19 10:36:48 INFO  TC06_GifftCertificcate:18 - Starting test: testPurchaseAGiftCertificate
2025-02-19 10:36:48 DEBUG TC06_GifftCertificcate:26 - Navigating to HomePage and clicking Gift Certificate link.
2025-02-19 10:36:52 INFO  BaseClass:124 - Successfully launched application URL: https://tutorialsninja.com/demo/
2025-02-19 10:36:52 INFO  TC06_GifftCertificcate:18 - Starting test: testPurchaseAGiftCertificate
2025-02-19 10:36:52 DEBUG TC06_GifftCertificcate:26 - Navigating to HomePage and clicking Gift Certificate link.
2025-02-19 10:36:56 DEBUG TC06_GifftCertificcate:30 - Filling out gift certificate details.
2025-02-19 10:36:57 DEBUG TC06_GifftCertificcate:30 - Filling out gift certificate details.
2025-02-19 10:36:58 DEBUG BaseClass:116 - WebDriver instance set successfully.
2025-02-19 10:37:02 INFO  BaseClass:124 - Successfully launched application URL: https://tutorialsninja.com/demo/
2025-02-19 10:37:02 INFO  TC06_GifftCertificcate:18 - Starting test: testPurchaseAGiftCertificate
2025-02-19 10:37:02 DEBUG TC06_GifftCertificcate:26 - Navigating to HomePage and clicking Gift Certificate link.
2025-02-19 10:37:03 DEBUG TC06_GifftCertificcate:30 - Filling out gift certificate details.
2025-02-19 10:37:06 DEBUG TC06_GifftCertificcate:38 - Verifying purchase confirmation message.
2025-02-19 10:37:06 INFO  TC06_GifftCertificcate:40 - Purchase success message status: true
2025-02-19 10:37:06 INFO  TC06_GifftCertificcate:44 - Gift certificate successfully purchased.
2025-02-19 10:37:06 INFO  TC06_GifftCertificcate:55 - Test execution completed: testPurchaseAGiftCertificate
2025-02-19 10:37:06 INFO  BaseClass:136 - Closing browser...
2025-02-19 10:37:09 DEBUG TC06_GifftCertificcate:38 - Verifying purchase confirmation message.
2025-02-19 10:37:09 DEBUG TC06_GifftCertificcate:38 - Verifying purchase confirmation message.
2025-02-19 10:37:09 INFO  TC06_GifftCertificcate:40 - Purchase success message status: true
2025-02-19 10:37:09 INFO  TC06_GifftCertificcate:44 - Gift certificate successfully purchased.
2025-02-19 10:37:09 INFO  TC06_GifftCertificcate:55 - Test execution completed: testPurchaseAGiftCertificate
2025-02-19 10:37:09 INFO  BaseClass:136 - Closing browser...
2025-02-19 10:37:09 INFO  TC06_GifftCertificcate:40 - Purchase success message status: true
2025-02-19 10:37:09 INFO  TC06_GifftCertificcate:44 - Gift certificate successfully purchased.
2025-02-19 10:37:09 INFO  TC06_GifftCertificcate:55 - Test execution completed: testPurchaseAGiftCertificate
2025-02-19 10:37:09 INFO  BaseClass:136 - Closing browser...
2025-02-19 10:37:11 INFO  BaseClass:139 - Browser closed and WebDriver instance removed.
2025-02-19 10:37:11 INFO  BaseClass:46 - Starting Test Execution - OS: windows, Browser: firefox
2025-02-19 10:37:11 DEBUG BaseClass:53 - Successfully loaded config.properties file.
2025-02-19 10:37:14 INFO  BaseClass:139 - Browser closed and WebDriver instance removed.
2025-02-19 10:37:14 INFO  BaseClass:46 - Starting Test Execution - OS: windows, Browser: edge
2025-02-19 10:37:14 DEBUG BaseClass:53 - Successfully loaded config.properties file.
2025-02-19 10:37:17 INFO  BaseClass:139 - Browser closed and WebDriver instance removed.
2025-02-19 10:37:17 INFO  BaseClass:46 - Starting Test Execution - OS: windows, Browser: chrome
2025-02-19 10:37:17 DEBUG BaseClass:53 - Successfully loaded config.properties file.
2025-02-19 10:37:22 DEBUG BaseClass:116 - WebDriver instance set successfully.
2025-02-19 10:37:25 DEBUG BaseClass:116 - WebDriver instance set successfully.
2025-02-19 10:37:30 INFO  BaseClass:124 - Successfully launched application URL: https://tutorialsninja.com/demo/
2025-02-19 10:37:30 INFO  TC03_AddToCart:19 - Starting test: testAddToCart
2025-02-19 10:37:30 DEBUG TC03_AddToCart:27 - Navigating to HomePage and selecting Laptops & Notebooks category.
2025-02-19 10:37:31 INFO  BaseClass:124 - Successfully launched application URL: https://tutorialsninja.com/demo/
2025-02-19 10:37:31 INFO  TC03_AddToCart:19 - Starting test: testAddToCart
2025-02-19 10:37:31 DEBUG TC03_AddToCart:27 - Navigating to HomePage and selecting Laptops & Notebooks category.
2025-02-19 10:37:33 DEBUG TC03_AddToCart:31 - Selecting a product from the category.
2025-02-19 10:37:36 DEBUG TC03_AddToCart:35 - Setting up delivery date and adding product to cart.
2025-02-19 10:37:37 DEBUG BaseClass:116 - WebDriver instance set successfully.
2025-02-19 10:37:38 DEBUG TC03_AddToCart:40 - Validating success message.
2025-02-19 10:37:38 INFO  TC03_AddToCart:42 - Success message status: true
2025-02-19 10:37:38 INFO  TC03_AddToCart:46 - Product successfully added to cart.
2025-02-19 10:37:38 INFO  TC03_AddToCart:57 - Test execution completed: testAddToCart
2025-02-19 10:37:38 INFO  BaseClass:136 - Closing browser...
2025-02-19 10:37:42 INFO  BaseClass:124 - Successfully launched application URL: https://tutorialsninja.com/demo/
2025-02-19 10:37:42 INFO  TC03_AddToCart:19 - Starting test: testAddToCart
2025-02-19 10:37:42 DEBUG TC03_AddToCart:27 - Navigating to HomePage and selecting Laptops & Notebooks category.
2025-02-19 10:37:42 DEBUG TC03_AddToCart:31 - Selecting a product from the category.
2025-02-19 10:37:46 DEBUG TC03_AddToCart:35 - Setting up delivery date and adding product to cart.
2025-02-19 10:37:46 DEBUG TC03_AddToCart:31 - Selecting a product from the category.
2025-02-19 10:37:47 DEBUG TC03_AddToCart:40 - Validating success message.
2025-02-19 10:37:48 INFO  TC03_AddToCart:42 - Success message status: true
2025-02-19 10:37:48 INFO  TC03_AddToCart:46 - Product successfully added to cart.
2025-02-19 10:37:48 INFO  TC03_AddToCart:57 - Test execution completed: testAddToCart
2025-02-19 10:37:48 INFO  BaseClass:136 - Closing browser...
2025-02-19 10:37:48 DEBUG TC03_AddToCart:35 - Setting up delivery date and adding product to cart.
2025-02-19 10:37:49 DEBUG TC03_AddToCart:40 - Validating success message.
2025-02-19 10:37:50 INFO  TC03_AddToCart:42 - Success message status: true
2025-02-19 10:37:50 INFO  TC03_AddToCart:46 - Product successfully added to cart.
2025-02-19 10:37:50 INFO  TC03_AddToCart:57 - Test execution completed: testAddToCart
2025-02-19 10:37:50 INFO  BaseClass:136 - Closing browser...
2025-02-19 10:37:50 INFO  BaseClass:139 - Browser closed and WebDriver instance removed.
2025-02-19 10:37:50 INFO  BaseClass:46 - Starting Test Execution - OS: windows, Browser: firefox
2025-02-19 10:37:50 DEBUG BaseClass:53 - Successfully loaded config.properties file.
2025-02-19 10:37:51 INFO  BaseClass:139 - Browser closed and WebDriver instance removed.
2025-02-19 10:37:51 INFO  BaseClass:46 - Starting Test Execution - OS: windows, Browser: chrome
2025-02-19 10:37:51 DEBUG BaseClass:53 - Successfully loaded config.properties file.
2025-02-19 10:37:52 INFO  BaseClass:139 - Browser closed and WebDriver instance removed.
2025-02-19 10:37:52 INFO  BaseClass:46 - Starting Test Execution - OS: windows, Browser: edge
2025-02-19 10:37:52 DEBUG BaseClass:53 - Successfully loaded config.properties file.
2025-02-19 10:37:56 DEBUG BaseClass:116 - WebDriver instance set successfully.
2025-02-19 10:38:02 INFO  BaseClass:124 - Successfully launched application URL: https://tutorialsninja.com/demo/
2025-02-19 10:38:03 DEBUG PackageRelationshipCollection:307 - Parsing relationship: /xl/_rels/workbook.xml.rels
2025-02-19 10:38:03 DEBUG PackageRelationshipCollection:307 - Parsing relationship: /xl/worksheets/_rels/sheet1.xml.rels
2025-02-19 10:38:03 DEBUG PackageRelationshipCollection:307 - Parsing relationship: /_rels/.rels
2025-02-19 10:38:06 DEBUG POIXMLFactory:65 - using default POIXMLDocumentPart for http://schemas.openxmlformats.org/officeDocument/2006/relationships/printerSettings
2025-02-19 10:38:06 DEBUG PackageRelationshipCollection:307 - Parsing relationship: /xl/_rels/workbook.xml.rels
2025-02-19 10:38:06 DEBUG PackageRelationshipCollection:307 - Parsing relationship: /xl/worksheets/_rels/sheet1.xml.rels
2025-02-19 10:38:06 DEBUG PackageRelationshipCollection:307 - Parsing relationship: /_rels/.rels
2025-02-19 10:38:07 DEBUG POIXMLFactory:65 - using default POIXMLDocumentPart for http://schemas.openxmlformats.org/officeDocument/2006/relationships/printerSettings
2025-02-19 10:38:07 DEBUG BaseClass:116 - WebDriver instance set successfully.
2025-02-19 10:38:07 DEBUG PackageRelationshipCollection:307 - Parsing relationship: /xl/_rels/workbook.xml.rels
2025-02-19 10:38:07 DEBUG PackageRelationshipCollection:307 - Parsing relationship: /xl/worksheets/_rels/sheet1.xml.rels
2025-02-19 10:38:07 DEBUG PackageRelationshipCollection:307 - Parsing relationship: /_rels/.rels
2025-02-19 10:38:07 DEBUG POIXMLFactory:65 - using default POIXMLDocumentPart for http://schemas.openxmlformats.org/officeDocument/2006/relationships/printerSettings
2025-02-19 10:38:07 DEBUG PackageRelationshipCollection:307 - Parsing relationship: /xl/_rels/workbook.xml.rels
2025-02-19 10:38:07 DEBUG PackageRelationshipCollection:307 - Parsing relationship: /xl/worksheets/_rels/sheet1.xml.rels
2025-02-19 10:38:07 DEBUG PackageRelationshipCollection:307 - Parsing relationship: /_rels/.rels
2025-02-19 10:38:07 DEBUG POIXMLFactory:65 - using default POIXMLDocumentPart for http://schemas.openxmlformats.org/officeDocument/2006/relationships/printerSettings
2025-02-19 10:38:08 DEBUG PackageRelationshipCollection:307 - Parsing relationship: /xl/_rels/workbook.xml.rels
2025-02-19 10:38:08 DEBUG PackageRelationshipCollection:307 - Parsing relationship: /xl/worksheets/_rels/sheet1.xml.rels
2025-02-19 10:38:08 DEBUG PackageRelationshipCollection:307 - Parsing relationship: /_rels/.rels
2025-02-19 10:38:08 DEBUG POIXMLFactory:65 - using default POIXMLDocumentPart for http://schemas.openxmlformats.org/officeDocument/2006/relationships/printerSettings
2025-02-19 10:38:08 DEBUG PackageRelationshipCollection:307 - Parsing relationship: /xl/_rels/workbook.xml.rels
2025-02-19 10:38:08 DEBUG PackageRelationshipCollection:307 - Parsing relationship: /xl/worksheets/_rels/sheet1.xml.rels
2025-02-19 10:38:08 DEBUG PackageRelationshipCollection:307 - Parsing relationship: /_rels/.rels
2025-02-19 10:38:08 DEBUG POIXMLFactory:65 - using default POIXMLDocumentPart for http://schemas.openxmlformats.org/officeDocument/2006/relationships/printerSettings
2025-02-19 10:38:08 DEBUG PackageRelationshipCollection:307 - Parsing relationship: /xl/_rels/workbook.xml.rels
2025-02-19 10:38:08 DEBUG PackageRelationshipCollection:307 - Parsing relationship: /xl/worksheets/_rels/sheet1.xml.rels
2025-02-19 10:38:08 DEBUG PackageRelationshipCollection:307 - Parsing relationship: /_rels/.rels
2025-02-19 10:38:08 DEBUG POIXMLFactory:65 - using default POIXMLDocumentPart for http://schemas.openxmlformats.org/officeDocument/2006/relationships/printerSettings
2025-02-19 10:38:08 DEBUG PackageRelationshipCollection:307 - Parsing relationship: /xl/_rels/workbook.xml.rels
2025-02-19 10:38:08 DEBUG PackageRelationshipCollection:307 - Parsing relationship: /xl/worksheets/_rels/sheet1.xml.rels
2025-02-19 10:38:08 DEBUG PackageRelationshipCollection:307 - Parsing relationship: /_rels/.rels
2025-02-19 10:38:08 DEBUG POIXMLFactory:65 - using default POIXMLDocumentPart for http://schemas.openxmlformats.org/officeDocument/2006/relationships/printerSettings
2025-02-19 10:38:08 DEBUG PackageRelationshipCollection:307 - Parsing relationship: /xl/_rels/workbook.xml.rels
2025-02-19 10:38:08 DEBUG PackageRelationshipCollection:307 - Parsing relationship: /xl/worksheets/_rels/sheet1.xml.rels
2025-02-19 10:38:08 DEBUG PackageRelationshipCollection:307 - Parsing relationship: /_rels/.rels
2025-02-19 10:38:09 DEBUG POIXMLFactory:65 - using default POIXMLDocumentPart for http://schemas.openxmlformats.org/officeDocument/2006/relationships/printerSettings
2025-02-19 10:38:09 DEBUG PackageRelationshipCollection:307 - Parsing relationship: /xl/_rels/workbook.xml.rels
2025-02-19 10:38:09 DEBUG PackageRelationshipCollection:307 - Parsing relationship: /xl/worksheets/_rels/sheet1.xml.rels
2025-02-19 10:38:09 DEBUG PackageRelationshipCollection:307 - Parsing relationship: /_rels/.rels
2025-02-19 10:38:09 DEBUG POIXMLFactory:65 - using default POIXMLDocumentPart for http://schemas.openxmlformats.org/officeDocument/2006/relationships/printerSettings
2025-02-19 10:38:09 DEBUG PackageRelationshipCollection:307 - Parsing relationship: /xl/_rels/workbook.xml.rels
2025-02-19 10:38:09 DEBUG PackageRelationshipCollection:307 - Parsing relationship: /xl/worksheets/_rels/sheet1.xml.rels
2025-02-19 10:38:09 DEBUG PackageRelationshipCollection:307 - Parsing relationship: /_rels/.rels
2025-02-19 10:38:09 DEBUG POIXMLFactory:65 - using default POIXMLDocumentPart for http://schemas.openxmlformats.org/officeDocument/2006/relationships/printerSettings
2025-02-19 10:38:09 DEBUG PackageRelationshipCollection:307 - Parsing relationship: /xl/_rels/workbook.xml.rels
2025-02-19 10:38:09 DEBUG PackageRelationshipCollection:307 - Parsing relationship: /xl/worksheets/_rels/sheet1.xml.rels
2025-02-19 10:38:09 DEBUG PackageRelationshipCollection:307 - Parsing relationship: /_rels/.rels
2025-02-19 10:38:09 DEBUG POIXMLFactory:65 - using default POIXMLDocumentPart for http://schemas.openxmlformats.org/officeDocument/2006/relationships/printerSettings
2025-02-19 10:38:09 INFO  TC02_Login:24 - Starting test: testLogin with Email: goodmorning@gmail.com and Password: test@1234
2025-02-19 10:38:09 DEBUG TC02_Login:32 - Navigating to HomePage
2025-02-19 10:38:12 INFO  BaseClass:124 - Successfully launched application URL: https://tutorialsninja.com/demo/
2025-02-19 10:38:12 DEBUG PackageRelationshipCollection:307 - Parsing relationship: /xl/_rels/workbook.xml.rels
2025-02-19 10:38:12 DEBUG PackageRelationshipCollection:307 - Parsing relationship: /xl/worksheets/_rels/sheet1.xml.rels
2025-02-19 10:38:12 DEBUG PackageRelationshipCollection:307 - Parsing relationship: /_rels/.rels
2025-02-19 10:38:12 DEBUG POIXMLFactory:65 - using default POIXMLDocumentPart for http://schemas.openxmlformats.org/officeDocument/2006/relationships/printerSettings
2025-02-19 10:38:12 DEBUG PackageRelationshipCollection:307 - Parsing relationship: /xl/_rels/workbook.xml.rels
2025-02-19 10:38:12 DEBUG PackageRelationshipCollection:307 - Parsing relationship: /xl/worksheets/_rels/sheet1.xml.rels
2025-02-19 10:38:12 DEBUG PackageRelationshipCollection:307 - Parsing relationship: /_rels/.rels
2025-02-19 10:38:12 DEBUG POIXMLFactory:65 - using default POIXMLDocumentPart for http://schemas.openxmlformats.org/officeDocument/2006/relationships/printerSettings
2025-02-19 10:38:12 DEBUG PackageRelationshipCollection:307 - Parsing relationship: /xl/_rels/workbook.xml.rels
2025-02-19 10:38:12 DEBUG PackageRelationshipCollection:307 - Parsing relationship: /xl/worksheets/_rels/sheet1.xml.rels
2025-02-19 10:38:12 DEBUG PackageRelationshipCollection:307 - Parsing relationship: /_rels/.rels
2025-02-19 10:38:13 DEBUG POIXMLFactory:65 - using default POIXMLDocumentPart for http://schemas.openxmlformats.org/officeDocument/2006/relationships/printerSettings
2025-02-19 10:38:13 DEBUG PackageRelationshipCollection:307 - Parsing relationship: /xl/_rels/workbook.xml.rels
2025-02-19 10:38:13 DEBUG PackageRelationshipCollection:307 - Parsing relationship: /xl/worksheets/_rels/sheet1.xml.rels
2025-02-19 10:38:13 DEBUG PackageRelationshipCollection:307 - Parsing relationship: /_rels/.rels
2025-02-19 10:38:13 DEBUG POIXMLFactory:65 - using default POIXMLDocumentPart for http://schemas.openxmlformats.org/officeDocument/2006/relationships/printerSettings
2025-02-19 10:38:13 DEBUG PackageRelationshipCollection:307 - Parsing relationship: /xl/_rels/workbook.xml.rels
2025-02-19 10:38:13 DEBUG PackageRelationshipCollection:307 - Parsing relationship: /xl/worksheets/_rels/sheet1.xml.rels
2025-02-19 10:38:13 DEBUG PackageRelationshipCollection:307 - Parsing relationship: /_rels/.rels
2025-02-19 10:38:13 DEBUG POIXMLFactory:65 - using default POIXMLDocumentPart for http://schemas.openxmlformats.org/officeDocument/2006/relationships/printerSettings
2025-02-19 10:38:13 DEBUG PackageRelationshipCollection:307 - Parsing relationship: /xl/_rels/workbook.xml.rels
2025-02-19 10:38:13 DEBUG PackageRelationshipCollection:307 - Parsing relationship: /xl/worksheets/_rels/sheet1.xml.rels
2025-02-19 10:38:13 DEBUG PackageRelationshipCollection:307 - Parsing relationship: /_rels/.rels
2025-02-19 10:38:13 DEBUG POIXMLFactory:65 - using default POIXMLDocumentPart for http://schemas.openxmlformats.org/officeDocument/2006/relationships/printerSettings
2025-02-19 10:38:14 DEBUG PackageRelationshipCollection:307 - Parsing relationship: /xl/_rels/workbook.xml.rels
2025-02-19 10:38:14 DEBUG PackageRelationshipCollection:307 - Parsing relationship: /xl/worksheets/_rels/sheet1.xml.rels
2025-02-19 10:38:14 DEBUG PackageRelationshipCollection:307 - Parsing relationship: /_rels/.rels
2025-02-19 10:38:14 DEBUG POIXMLFactory:65 - using default POIXMLDocumentPart for http://schemas.openxmlformats.org/officeDocument/2006/relationships/printerSettings
2025-02-19 10:38:14 DEBUG PackageRelationshipCollection:307 - Parsing relationship: /xl/_rels/workbook.xml.rels
2025-02-19 10:38:14 DEBUG PackageRelationshipCollection:307 - Parsing relationship: /xl/worksheets/_rels/sheet1.xml.rels
2025-02-19 10:38:14 DEBUG PackageRelationshipCollection:307 - Parsing relationship: /_rels/.rels
2025-02-19 10:38:14 DEBUG POIXMLFactory:65 - using default POIXMLDocumentPart for http://schemas.openxmlformats.org/officeDocument/2006/relationships/printerSettings
2025-02-19 10:38:14 DEBUG PackageRelationshipCollection:307 - Parsing relationship: /xl/_rels/workbook.xml.rels
2025-02-19 10:38:14 DEBUG PackageRelationshipCollection:307 - Parsing relationship: /xl/worksheets/_rels/sheet1.xml.rels
2025-02-19 10:38:14 DEBUG PackageRelationshipCollection:307 - Parsing relationship: /_rels/.rels
2025-02-19 10:38:14 DEBUG POIXMLFactory:65 - using default POIXMLDocumentPart for http://schemas.openxmlformats.org/officeDocument/2006/relationships/printerSettings
2025-02-19 10:38:15 DEBUG PackageRelationshipCollection:307 - Parsing relationship: /xl/_rels/workbook.xml.rels
2025-02-19 10:38:15 DEBUG PackageRelationshipCollection:307 - Parsing relationship: /xl/worksheets/_rels/sheet1.xml.rels
2025-02-19 10:38:15 DEBUG PackageRelationshipCollection:307 - Parsing relationship: /_rels/.rels
2025-02-19 10:38:15 DEBUG POIXMLFactory:65 - using default POIXMLDocumentPart for http://schemas.openxmlformats.org/officeDocument/2006/relationships/printerSettings
2025-02-19 10:38:15 DEBUG PackageRelationshipCollection:307 - Parsing relationship: /xl/_rels/workbook.xml.rels
2025-02-19 10:38:15 DEBUG PackageRelationshipCollection:307 - Parsing relationship: /xl/worksheets/_rels/sheet1.xml.rels
2025-02-19 10:38:15 DEBUG PackageRelationshipCollection:307 - Parsing relationship: /_rels/.rels
2025-02-19 10:38:15 DEBUG POIXMLFactory:65 - using default POIXMLDocumentPart for http://schemas.openxmlformats.org/officeDocument/2006/relationships/printerSettings
2025-02-19 10:38:15 DEBUG PackageRelationshipCollection:307 - Parsing relationship: /xl/_rels/workbook.xml.rels
2025-02-19 10:38:15 DEBUG PackageRelationshipCollection:307 - Parsing relationship: /xl/worksheets/_rels/sheet1.xml.rels
2025-02-19 10:38:15 DEBUG PackageRelationshipCollection:307 - Parsing relationship: /_rels/.rels
2025-02-19 10:38:15 DEBUG POIXMLFactory:65 - using default POIXMLDocumentPart for http://schemas.openxmlformats.org/officeDocument/2006/relationships/printerSettings
2025-02-19 10:38:15 INFO  TC02_Login:24 - Starting test: testLogin with Email: goodmorning@gmail.com and Password: test@1234
2025-02-19 10:38:15 DEBUG TC02_Login:32 - Navigating to HomePage
2025-02-19 10:38:17 DEBUG TC02_Login:37 - Entering login credentials.
2025-02-19 10:38:18 DEBUG BaseClass:116 - WebDriver instance set successfully.
2025-02-19 10:38:19 DEBUG TC02_Login:43 - Verifying login success.
2025-02-19 10:38:19 INFO  TC02_Login:46 - Login success status: true
2025-02-19 10:38:19 INFO  TC02_Login:50 - Login verification passed.
2025-02-19 10:38:21 INFO  TC02_Login:55 - User logged out successfully.
2025-02-19 10:38:21 INFO  TC02_Login:67 - Test execution completed: testLogin
2025-02-19 10:38:21 INFO  TC02_Login:24 - Starting test: testLogin with Email: test121@test.com and Password: test123
2025-02-19 10:38:21 DEBUG TC02_Login:32 - Navigating to HomePage
2025-02-19 10:38:21 INFO  BaseClass:124 - Successfully launched application URL: https://tutorialsninja.com/demo/
2025-02-19 10:38:21 DEBUG PackageRelationshipCollection:307 - Parsing relationship: /xl/_rels/workbook.xml.rels
2025-02-19 10:38:21 DEBUG PackageRelationshipCollection:307 - Parsing relationship: /xl/worksheets/_rels/sheet1.xml.rels
2025-02-19 10:38:21 DEBUG PackageRelationshipCollection:307 - Parsing relationship: /_rels/.rels
2025-02-19 10:38:21 DEBUG POIXMLFactory:65 - using default POIXMLDocumentPart for http://schemas.openxmlformats.org/officeDocument/2006/relationships/printerSettings
2025-02-19 10:38:21 DEBUG PackageRelationshipCollection:307 - Parsing relationship: /xl/_rels/workbook.xml.rels
2025-02-19 10:38:21 DEBUG PackageRelationshipCollection:307 - Parsing relationship: /xl/worksheets/_rels/sheet1.xml.rels
2025-02-19 10:38:21 DEBUG PackageRelationshipCollection:307 - Parsing relationship: /_rels/.rels
2025-02-19 10:38:21 DEBUG POIXMLFactory:65 - using default POIXMLDocumentPart for http://schemas.openxmlformats.org/officeDocument/2006/relationships/printerSettings
2025-02-19 10:38:21 DEBUG PackageRelationshipCollection:307 - Parsing relationship: /xl/_rels/workbook.xml.rels
2025-02-19 10:38:21 DEBUG PackageRelationshipCollection:307 - Parsing relationship: /xl/worksheets/_rels/sheet1.xml.rels
2025-02-19 10:38:21 DEBUG PackageRelationshipCollection:307 - Parsing relationship: /_rels/.rels
2025-02-19 10:38:21 DEBUG POIXMLFactory:65 - using default POIXMLDocumentPart for http://schemas.openxmlformats.org/officeDocument/2006/relationships/printerSettings
2025-02-19 10:38:22 DEBUG PackageRelationshipCollection:307 - Parsing relationship: /xl/_rels/workbook.xml.rels
2025-02-19 10:38:22 DEBUG PackageRelationshipCollection:307 - Parsing relationship: /xl/worksheets/_rels/sheet1.xml.rels
2025-02-19 10:38:22 DEBUG PackageRelationshipCollection:307 - Parsing relationship: /_rels/.rels
2025-02-19 10:38:22 DEBUG POIXMLFactory:65 - using default POIXMLDocumentPart for http://schemas.openxmlformats.org/officeDocument/2006/relationships/printerSettings
2025-02-19 10:38:22 DEBUG PackageRelationshipCollection:307 - Parsing relationship: /xl/_rels/workbook.xml.rels
2025-02-19 10:38:22 DEBUG PackageRelationshipCollection:307 - Parsing relationship: /xl/worksheets/_rels/sheet1.xml.rels
2025-02-19 10:38:22 DEBUG PackageRelationshipCollection:307 - Parsing relationship: /_rels/.rels
2025-02-19 10:38:22 DEBUG POIXMLFactory:65 - using default POIXMLDocumentPart for http://schemas.openxmlformats.org/officeDocument/2006/relationships/printerSettings
2025-02-19 10:38:22 DEBUG PackageRelationshipCollection:307 - Parsing relationship: /xl/_rels/workbook.xml.rels
2025-02-19 10:38:22 DEBUG PackageRelationshipCollection:307 - Parsing relationship: /xl/worksheets/_rels/sheet1.xml.rels
2025-02-19 10:38:22 DEBUG PackageRelationshipCollection:307 - Parsing relationship: /_rels/.rels
2025-02-19 10:38:22 DEBUG POIXMLFactory:65 - using default POIXMLDocumentPart for http://schemas.openxmlformats.org/officeDocument/2006/relationships/printerSettings
2025-02-19 10:38:22 DEBUG PackageRelationshipCollection:307 - Parsing relationship: /xl/_rels/workbook.xml.rels
2025-02-19 10:38:22 DEBUG PackageRelationshipCollection:307 - Parsing relationship: /xl/worksheets/_rels/sheet1.xml.rels
2025-02-19 10:38:22 DEBUG PackageRelationshipCollection:307 - Parsing relationship: /_rels/.rels
2025-02-19 10:38:22 DEBUG POIXMLFactory:65 - using default POIXMLDocumentPart for http://schemas.openxmlformats.org/officeDocument/2006/relationships/printerSettings
2025-02-19 10:38:22 DEBUG PackageRelationshipCollection:307 - Parsing relationship: /xl/_rels/workbook.xml.rels
2025-02-19 10:38:22 DEBUG PackageRelationshipCollection:307 - Parsing relationship: /xl/worksheets/_rels/sheet1.xml.rels
2025-02-19 10:38:22 DEBUG PackageRelationshipCollection:307 - Parsing relationship: /_rels/.rels
2025-02-19 10:38:22 DEBUG POIXMLFactory:65 - using default POIXMLDocumentPart for http://schemas.openxmlformats.org/officeDocument/2006/relationships/printerSettings
2025-02-19 10:38:22 DEBUG PackageRelationshipCollection:307 - Parsing relationship: /xl/_rels/workbook.xml.rels
2025-02-19 10:38:22 DEBUG PackageRelationshipCollection:307 - Parsing relationship: /xl/worksheets/_rels/sheet1.xml.rels
2025-02-19 10:38:22 DEBUG PackageRelationshipCollection:307 - Parsing relationship: /_rels/.rels
2025-02-19 10:38:22 DEBUG POIXMLFactory:65 - using default POIXMLDocumentPart for http://schemas.openxmlformats.org/officeDocument/2006/relationships/printerSettings
2025-02-19 10:38:22 DEBUG PackageRelationshipCollection:307 - Parsing relationship: /xl/_rels/workbook.xml.rels
2025-02-19 10:38:22 DEBUG PackageRelationshipCollection:307 - Parsing relationship: /xl/worksheets/_rels/sheet1.xml.rels
2025-02-19 10:38:22 DEBUG PackageRelationshipCollection:307 - Parsing relationship: /_rels/.rels
2025-02-19 10:38:22 DEBUG POIXMLFactory:65 - using default POIXMLDocumentPart for http://schemas.openxmlformats.org/officeDocument/2006/relationships/printerSettings
2025-02-19 10:38:23 DEBUG PackageRelationshipCollection:307 - Parsing relationship: /xl/_rels/workbook.xml.rels
2025-02-19 10:38:23 DEBUG PackageRelationshipCollection:307 - Parsing relationship: /xl/worksheets/_rels/sheet1.xml.rels
2025-02-19 10:38:23 DEBUG PackageRelationshipCollection:307 - Parsing relationship: /_rels/.rels
2025-02-19 10:38:23 DEBUG POIXMLFactory:65 - using default POIXMLDocumentPart for http://schemas.openxmlformats.org/officeDocument/2006/relationships/printerSettings
2025-02-19 10:38:23 DEBUG PackageRelationshipCollection:307 - Parsing relationship: /xl/_rels/workbook.xml.rels
2025-02-19 10:38:23 DEBUG PackageRelationshipCollection:307 - Parsing relationship: /xl/worksheets/_rels/sheet1.xml.rels
2025-02-19 10:38:23 DEBUG PackageRelationshipCollection:307 - Parsing relationship: /_rels/.rels
2025-02-19 10:38:23 DEBUG POIXMLFactory:65 - using default POIXMLDocumentPart for http://schemas.openxmlformats.org/officeDocument/2006/relationships/printerSettings
2025-02-19 10:38:23 INFO  TC02_Login:24 - Starting test: testLogin with Email: goodmorning@gmail.com and Password: test@1234
2025-02-19 10:38:23 DEBUG TC02_Login:32 - Navigating to HomePage
2025-02-19 10:38:24 DEBUG TC02_Login:37 - Entering login credentials.
2025-02-19 10:38:26 DEBUG TC02_Login:43 - Verifying login success.
2025-02-19 10:38:27 INFO  TC02_Login:46 - Login success status: true
2025-02-19 10:38:27 INFO  TC02_Login:50 - Login verification passed.
2025-02-19 10:38:28 DEBUG TC02_Login:37 - Entering login credentials.
2025-02-19 10:38:28 INFO  TC02_Login:55 - User logged out successfully.
2025-02-19 10:38:28 INFO  TC02_Login:67 - Test execution completed: testLogin
2025-02-19 10:38:28 INFO  TC02_Login:24 - Starting test: testLogin with Email: sid@cloudberry.services and Password: Test123
2025-02-19 10:38:28 DEBUG TC02_Login:32 - Navigating to HomePage
2025-02-19 10:38:29 DEBUG TC02_Login:37 - Entering login credentials.
2025-02-19 10:38:31 DEBUG TC02_Login:37 - Entering login credentials.
2025-02-19 10:38:31 DEBUG TC02_Login:43 - Verifying login success.
2025-02-19 10:38:31 INFO  TC02_Login:46 - Login success status: true
2025-02-19 10:38:31 INFO  TC02_Login:50 - Login verification passed.
2025-02-19 10:38:33 INFO  TC02_Login:55 - User logged out successfully.
2025-02-19 10:38:33 INFO  TC02_Login:67 - Test execution completed: testLogin
2025-02-19 10:38:33 INFO  TC02_Login:24 - Starting test: testLogin with Email: otisdog22@yahoo.com and Password: 1234QWERT
2025-02-19 10:38:33 DEBUG TC02_Login:32 - Navigating to HomePage
2025-02-19 10:38:34 DEBUG TC02_Login:37 - Entering login credentials.
2025-02-19 10:38:35 DEBUG TC02_Login:43 - Verifying login success.
2025-02-19 10:38:35 INFO  TC02_Login:46 - Login success status: true
2025-02-19 10:38:35 INFO  TC02_Login:50 - Login verification passed.
2025-02-19 10:38:37 INFO  TC02_Login:55 - User logged out successfully.
2025-02-19 10:38:37 INFO  TC02_Login:67 - Test execution completed: testLogin
2025-02-19 10:38:37 INFO  TC02_Login:24 - Starting test: testLogin with Email: shalaka.dongre@gmail.com and Password: Test123!
2025-02-19 10:38:37 DEBUG TC02_Login:32 - Navigating to HomePage
2025-02-19 10:38:38 DEBUG TC02_Login:43 - Verifying login success.
2025-02-19 10:38:38 DEBUG TC02_Login:37 - Entering login credentials.
2025-02-19 10:38:39 INFO  TC02_Login:46 - Login success status: true
2025-02-19 10:38:39 INFO  TC02_Login:50 - Login verification passed.
2025-02-19 10:38:40 DEBUG TC02_Login:43 - Verifying login success.
2025-02-19 10:38:41 INFO  TC02_Login:46 - Login success status: true
2025-02-19 10:38:41 INFO  TC02_Login:50 - Login verification passed.
2025-02-19 10:38:42 DEBUG TC02_Login:43 - Verifying login success.
2025-02-19 10:38:42 INFO  TC02_Login:55 - User logged out successfully.
2025-02-19 10:38:42 INFO  TC02_Login:67 - Test execution completed: testLogin
2025-02-19 10:38:42 INFO  BaseClass:136 - Closing browser...
2025-02-19 10:38:42 INFO  TC02_Login:46 - Login success status: true
2025-02-19 10:38:42 INFO  TC02_Login:50 - Login verification passed.
2025-02-19 10:38:43 INFO  TC02_Login:55 - User logged out successfully.
2025-02-19 10:38:43 INFO  TC02_Login:67 - Test execution completed: testLogin
2025-02-19 10:38:43 INFO  TC02_Login:24 - Starting test: testLogin with Email: test121@test.com and Password: test123
2025-02-19 10:38:43 DEBUG TC02_Login:32 - Navigating to HomePage
2025-02-19 10:38:45 DEBUG TC02_Login:37 - Entering login credentials.
2025-02-19 10:38:45 INFO  TC02_Login:55 - User logged out successfully.
2025-02-19 10:38:45 INFO  TC02_Login:67 - Test execution completed: testLogin
2025-02-19 10:38:45 INFO  TC02_Login:24 - Starting test: testLogin with Email: test121@test.com and Password: test123
2025-02-19 10:38:45 DEBUG TC02_Login:32 - Navigating to HomePage
2025-02-19 10:38:46 DEBUG TC02_Login:37 - Entering login credentials.
2025-02-19 10:38:47 DEBUG TC02_Login:43 - Verifying login success.
2025-02-19 10:38:48 INFO  TC02_Login:46 - Login success status: true
2025-02-19 10:38:48 INFO  TC02_Login:50 - Login verification passed.
2025-02-19 10:38:49 DEBUG TC02_Login:43 - Verifying login success.
2025-02-19 10:38:49 INFO  TC02_Login:55 - User logged out successfully.
2025-02-19 10:38:49 INFO  TC02_Login:67 - Test execution completed: testLogin
2025-02-19 10:38:49 INFO  TC02_Login:24 - Starting test: testLogin with Email: sid@cloudberry.services and Password: Test123
2025-02-19 10:38:49 DEBUG TC02_Login:32 - Navigating to HomePage
2025-02-19 10:38:50 INFO  TC02_Login:46 - Login success status: true
2025-02-19 10:38:50 INFO  TC02_Login:50 - Login verification passed.
2025-02-19 10:38:50 DEBUG TC02_Login:37 - Entering login credentials.
2025-02-19 10:38:51 INFO  TC02_Login:55 - User logged out successfully.
2025-02-19 10:38:51 INFO  TC02_Login:67 - Test execution completed: testLogin
2025-02-19 10:38:51 INFO  TC02_Login:24 - Starting test: testLogin with Email: sid@cloudberry.services and Password: Test123
2025-02-19 10:38:51 DEBUG TC02_Login:32 - Navigating to HomePage
2025-02-19 10:38:53 DEBUG TC02_Login:37 - Entering login credentials.
2025-02-19 10:38:53 DEBUG TC02_Login:43 - Verifying login success.
2025-02-19 10:38:53 INFO  TC02_Login:46 - Login success status: true
2025-02-19 10:38:53 INFO  TC02_Login:50 - Login verification passed.
2025-02-19 10:38:55 INFO  TC02_Login:55 - User logged out successfully.
2025-02-19 10:38:55 INFO  TC02_Login:67 - Test execution completed: testLogin
2025-02-19 10:38:55 INFO  TC02_Login:24 - Starting test: testLogin with Email: otisdog22@yahoo.com and Password: 1234QWERT
2025-02-19 10:38:55 DEBUG TC02_Login:32 - Navigating to HomePage
2025-02-19 10:38:55 DEBUG TC02_Login:43 - Verifying login success.
2025-02-19 10:38:55 INFO  TC02_Login:46 - Login success status: true
2025-02-19 10:38:55 INFO  TC02_Login:50 - Login verification passed.
2025-02-19 10:38:55 INFO  BaseClass:139 - Browser closed and WebDriver instance removed.
2025-02-19 10:38:55 INFO  BaseClass:46 - Starting Test Execution - OS: windows, Browser: firefox
2025-02-19 10:38:55 DEBUG BaseClass:53 - Successfully loaded config.properties file.
2025-02-19 10:38:56 DEBUG TC02_Login:37 - Entering login credentials.
2025-02-19 10:38:57 INFO  TC02_Login:55 - User logged out successfully.
2025-02-19 10:38:57 INFO  TC02_Login:67 - Test execution completed: testLogin
2025-02-19 10:38:57 INFO  TC02_Login:24 - Starting test: testLogin with Email: otisdog22@yahoo.com and Password: 1234QWERT
2025-02-19 10:38:57 DEBUG TC02_Login:32 - Navigating to HomePage
2025-02-19 10:39:04 DEBUG TC02_Login:37 - Entering login credentials.
2025-02-19 10:39:06 DEBUG TC02_Login:43 - Verifying login success.
2025-02-19 10:39:07 INFO  TC02_Login:46 - Login success status: true
2025-02-19 10:39:07 INFO  TC02_Login:50 - Login verification passed.
2025-02-19 10:39:11 INFO  TC02_Login:55 - User logged out successfully.
2025-02-19 10:39:11 INFO  TC02_Login:67 - Test execution completed: testLogin
2025-02-19 10:39:11 INFO  TC02_Login:24 - Starting test: testLogin with Email: shalaka.dongre@gmail.com and Password: Test123!
2025-02-19 10:39:11 DEBUG TC02_Login:32 - Navigating to HomePage
2025-02-19 10:39:12 DEBUG TC02_Login:43 - Verifying login success.
2025-02-19 10:39:13 DEBUG BaseClass:116 - WebDriver instance set successfully.
2025-02-19 10:39:13 INFO  TC02_Login:46 - Login success status: true
2025-02-19 10:39:13 INFO  TC02_Login:50 - Login verification passed.
2025-02-19 10:39:17 INFO  BaseClass:124 - Successfully launched application URL: https://tutorialsninja.com/demo/
2025-02-19 10:39:17 INFO  TC05_AddToWish:19 - Starting test: testAddToWishList
2025-02-19 10:39:17 DEBUG TC05_AddToWish:27 - Navigating to HomePage and selecting Laptops & Notebooks category.
2025-02-19 10:39:19 DEBUG TC05_AddToWish:31 - Selecting a product from the category.
2025-02-19 10:39:20 DEBUG TC02_Login:37 - Entering login credentials.
2025-02-19 10:39:21 INFO  TC02_Login:55 - User logged out successfully.
2025-02-19 10:39:21 INFO  TC02_Login:67 - Test execution completed: testLogin
2025-02-19 10:39:21 INFO  TC02_Login:24 - Starting test: testLogin with Email: shalaka.dongre@gmail.com and Password: Test123!
2025-02-19 10:39:21 DEBUG TC02_Login:32 - Navigating to HomePage
2025-02-19 10:39:21 DEBUG TC05_AddToWish:35 - Adding product to the wishlist.
2025-02-19 10:39:21 DEBUG TC05_AddToWish:39 - Verifying success message for adding to wishlist.
2025-02-19 10:39:22 INFO  TC05_AddToWish:41 - Wishlist success message status: true
2025-02-19 10:39:22 INFO  TC05_AddToWish:45 - Product successfully added to wishlist.
2025-02-19 10:39:22 INFO  TC05_AddToWish:56 - Test execution completed: testAddToWishList
2025-02-19 10:39:22 INFO  BaseClass:136 - Closing browser...
2025-02-19 10:39:23 DEBUG TC02_Login:37 - Entering login credentials.
2025-02-19 10:39:23 DEBUG TC02_Login:43 - Verifying login success.
2025-02-19 10:39:24 INFO  TC02_Login:46 - Login success status: true
2025-02-19 10:39:24 INFO  TC02_Login:50 - Login verification passed.
2025-02-19 10:39:25 INFO  TC02_Login:55 - User logged out successfully.
2025-02-19 10:39:25 INFO  TC02_Login:67 - Test execution completed: testLogin
2025-02-19 10:39:25 INFO  BaseClass:136 - Closing browser...
2025-02-19 10:39:26 DEBUG TC02_Login:43 - Verifying login success.
2025-02-19 10:39:26 INFO  TC02_Login:46 - Login success status: true
2025-02-19 10:39:26 INFO  TC02_Login:50 - Login verification passed.
2025-02-19 10:39:28 INFO  TC02_Login:55 - User logged out successfully.
2025-02-19 10:39:28 INFO  TC02_Login:67 - Test execution completed: testLogin
2025-02-19 10:39:28 INFO  BaseClass:136 - Closing browser...
2025-02-19 10:39:29 INFO  BaseClass:139 - Browser closed and WebDriver instance removed.
2025-02-19 10:39:29 INFO  BaseClass:46 - Starting Test Execution - OS: windows, Browser: chrome
2025-02-19 10:39:29 DEBUG BaseClass:53 - Successfully loaded config.properties file.
2025-02-19 10:39:30 INFO  BaseClass:139 - Browser closed and WebDriver instance removed.
2025-02-19 10:39:30 INFO  BaseClass:46 - Starting Test Execution - OS: windows, Browser: firefox
2025-02-19 10:39:30 DEBUG BaseClass:53 - Successfully loaded config.properties file.
2025-02-19 10:39:33 INFO  BaseClass:139 - Browser closed and WebDriver instance removed.
2025-02-19 10:39:33 INFO  BaseClass:46 - Starting Test Execution - OS: windows, Browser: edge
2025-02-19 10:39:33 DEBUG BaseClass:53 - Successfully loaded config.properties file.
2025-02-19 10:39:33 DEBUG BaseClass:116 - WebDriver instance set successfully.
2025-02-19 10:39:39 INFO  BaseClass:124 - Successfully launched application URL: https://tutorialsninja.com/demo/
2025-02-19 10:39:39 INFO  TC05_AddToWish:19 - Starting test: testAddToWishList
2025-02-19 10:39:39 DEBUG TC05_AddToWish:27 - Navigating to HomePage and selecting Laptops & Notebooks category.
2025-02-19 10:39:47 DEBUG TC05_AddToWish:31 - Selecting a product from the category.
2025-02-19 10:39:48 DEBUG BaseClass:116 - WebDriver instance set successfully.
2025-02-19 10:39:49 DEBUG BaseClass:116 - WebDriver instance set successfully.
2025-02-19 10:39:55 INFO  BaseClass:124 - Successfully launched application URL: https://tutorialsninja.com/demo/
2025-02-19 10:39:55 INFO  TC04_CompletePurchase:23 - Starting test: testCompletePurchase
2025-02-19 10:39:55 DEBUG TC04_CompletePurchase:31 - Navigating to HomePage and selecting Laptops & Notebooks category.
2025-02-19 10:39:56 INFO  BaseClass:124 - Successfully launched application URL: https://tutorialsninja.com/demo/
2025-02-19 10:39:56 INFO  TC05_AddToWish:19 - Starting test: testAddToWishList
2025-02-19 10:39:56 DEBUG TC05_AddToWish:27 - Navigating to HomePage and selecting Laptops & Notebooks category.
2025-02-19 10:39:57 DEBUG TC04_CompletePurchase:35 - Selecting a product from the category.
2025-02-19 10:39:59 DEBUG TC04_CompletePurchase:39 - Setting up delivery date and adding product to cart.
2025-02-19 10:40:00 DEBUG TC05_AddToWish:35 - Adding product to the wishlist.
2025-02-19 10:40:01 DEBUG TC04_CompletePurchase:44 - Proceeding to checkout.
2025-02-19 10:40:01 DEBUG TC05_AddToWish:31 - Selecting a product from the category.
2025-02-19 10:40:02 DEBUG TC05_AddToWish:39 - Verifying success message for adding to wishlist.
2025-02-19 10:40:03 DEBUG TC04_CompletePurchase:47 - Logging in to complete purchase.
2025-02-19 10:40:04 INFO  TC05_AddToWish:41 - Wishlist success message status: true
2025-02-19 10:40:04 INFO  TC05_AddToWish:45 - Product successfully added to wishlist.
2025-02-19 10:40:04 INFO  TC05_AddToWish:56 - Test execution completed: testAddToWishList
2025-02-19 10:40:04 INFO  BaseClass:136 - Closing browser...
2025-02-19 10:40:04 DEBUG TC05_AddToWish:35 - Adding product to the wishlist.
2025-02-19 10:40:05 DEBUG TC05_AddToWish:39 - Verifying success message for adding to wishlist.
2025-02-19 10:40:05 INFO  TC05_AddToWish:41 - Wishlist success message status: true
2025-02-19 10:40:05 INFO  TC05_AddToWish:45 - Product successfully added to wishlist.
2025-02-19 10:40:05 INFO  TC05_AddToWish:56 - Test execution completed: testAddToWishList
2025-02-19 10:40:05 INFO  BaseClass:136 - Closing browser...
2025-02-19 10:40:06 DEBUG TC04_CompletePurchase:53 - Completing checkout process.
2025-02-19 10:40:09 INFO  BaseClass:139 - Browser closed and WebDriver instance removed.
2025-02-19 10:40:09 INFO  BaseClass:46 - Starting Test Execution - OS: windows, Browser: chrome
2025-02-19 10:40:09 DEBUG BaseClass:53 - Successfully loaded config.properties file.
2025-02-19 10:40:10 INFO  BaseClass:139 - Browser closed and WebDriver instance removed.
2025-02-19 10:40:10 INFO  BaseClass:46 - Starting Test Execution - OS: windows, Browser: edge
2025-02-19 10:40:10 DEBUG BaseClass:53 - Successfully loaded config.properties file.
2025-02-19 10:40:14 DEBUG BaseClass:116 - WebDriver instance set successfully.
2025-02-19 10:40:17 INFO  BaseClass:124 - Successfully launched application URL: https://tutorialsninja.com/demo/
2025-02-19 10:40:17 INFO  TC04_CompletePurchase:23 - Starting test: testCompletePurchase
2025-02-19 10:40:17 DEBUG TC04_CompletePurchase:31 - Navigating to HomePage and selecting Laptops & Notebooks category.
2025-02-19 10:40:18 DEBUG BaseClass:116 - WebDriver instance set successfully.
2025-02-19 10:40:20 INFO  BaseClass:124 - Successfully launched application URL: https://tutorialsninja.com/demo/
2025-02-19 10:40:20 INFO  TC04_CompletePurchase:23 - Starting test: testCompletePurchase
2025-02-19 10:40:20 DEBUG TC04_CompletePurchase:31 - Navigating to HomePage and selecting Laptops & Notebooks category.
2025-02-19 10:40:21 DEBUG TC04_CompletePurchase:35 - Selecting a product from the category.
2025-02-19 10:40:23 DEBUG TC04_CompletePurchase:39 - Setting up delivery date and adding product to cart.
2025-02-19 10:40:24 DEBUG TC04_CompletePurchase:44 - Proceeding to checkout.
2025-02-19 10:40:25 DEBUG TC04_CompletePurchase:35 - Selecting a product from the category.
2025-02-19 10:40:26 DEBUG TC04_CompletePurchase:47 - Logging in to complete purchase.
2025-02-19 10:40:26 DEBUG TC04_CompletePurchase:39 - Setting up delivery date and adding product to cart.
2025-02-19 10:40:27 DEBUG TC04_CompletePurchase:53 - Completing checkout process.
2025-02-19 10:40:27 DEBUG TC04_CompletePurchase:44 - Proceeding to checkout.
2025-02-19 10:40:28 DEBUG TC04_CompletePurchase:47 - Logging in to complete purchase.
2025-02-19 10:40:29 DEBUG TC04_CompletePurchase:53 - Completing checkout process.
2025-02-19 10:41:13 DEBUG TC04_CompletePurchase:57 - Verifying order confirmation.
2025-02-19 10:41:14 INFO  TC04_CompletePurchase:60 - Order confirmation status: true
2025-02-19 10:41:14 INFO  TC04_CompletePurchase:64 - Order successfully confirmed.
2025-02-19 10:41:14 INFO  TC04_CompletePurchase:75 - Test execution completed: testCompletePurchase
2025-02-19 10:41:14 INFO  BaseClass:136 - Closing browser...
2025-02-19 10:41:18 INFO  BaseClass:139 - Browser closed and WebDriver instance removed.
2025-02-19 10:41:37 DEBUG TC04_CompletePurchase:57 - Verifying order confirmation.
2025-02-19 10:41:37 DEBUG TC04_CompletePurchase:57 - Verifying order confirmation.
2025-02-19 10:41:38 INFO  TC04_CompletePurchase:60 - Order confirmation status: true
2025-02-19 10:41:38 INFO  TC04_CompletePurchase:64 - Order successfully confirmed.
2025-02-19 10:41:38 INFO  TC04_CompletePurchase:75 - Test execution completed: testCompletePurchase
2025-02-19 10:41:38 INFO  BaseClass:136 - Closing browser...
2025-02-19 10:41:39 INFO  BaseClass:139 - Browser closed and WebDriver instance removed.
2025-02-19 10:41:39 INFO  TC04_CompletePurchase:60 - Order confirmation status: true
2025-02-19 10:41:39 INFO  TC04_CompletePurchase:64 - Order successfully confirmed.
2025-02-19 10:41:39 INFO  TC04_CompletePurchase:75 - Test execution completed: testCompletePurchase
2025-02-19 10:41:39 INFO  BaseClass:136 - Closing browser...
2025-02-19 10:41:41 INFO  BaseClass:139 - Browser closed and WebDriver instance removed.
